2022-12-18 14:37:48,926 [JavaFX Application Thread] INFO - Start game on client!
Caller+0	 at ru.nsu.org.main.lab4snake@1.0-SNAPSHOT/ru.nsu.org.main.lab4snake.controller.GameController.start(GameController.java:110)
2022-12-18 14:37:48,985 [pool-5-thread-1] INFO - Trying receive message... on port=50545, addr=/0:0:0:0:0:0:0:0
Caller+0	 at ru.nsu.org.main.lab4snake@1.0-SNAPSHOT/ru.nsu.org.main.lab4snake.backend.protocol.SocketWrap.receive(SocketWrap.java:43)
2022-12-18 14:37:49,486 [pool-5-thread-1] INFO - Socket timeout
Caller+0	 at ru.nsu.org.main.lab4snake@1.0-SNAPSHOT/ru.nsu.org.main.lab4snake.backend.protocol.SocketWrap.receive(SocketWrap.java:53)
2022-12-18 14:37:49,487 [pool-5-thread-1] INFO - Trying receive message... on port=50545, addr=/0:0:0:0:0:0:0:0
Caller+0	 at ru.nsu.org.main.lab4snake@1.0-SNAPSHOT/ru.nsu.org.main.lab4snake.backend.protocol.SocketWrap.receive(SocketWrap.java:43)
2022-12-18 14:37:49,988 [pool-5-thread-1] INFO - Socket timeout
Caller+0	 at ru.nsu.org.main.lab4snake@1.0-SNAPSHOT/ru.nsu.org.main.lab4snake.backend.protocol.SocketWrap.receive(SocketWrap.java:53)
2022-12-18 14:37:49,988 [pool-5-thread-1] INFO - Trying receive message... on port=50545, addr=/0:0:0:0:0:0:0:0
Caller+0	 at ru.nsu.org.main.lab4snake@1.0-SNAPSHOT/ru.nsu.org.main.lab4snake.backend.protocol.SocketWrap.receive(SocketWrap.java:43)
2022-12-18 14:37:50,489 [pool-5-thread-1] INFO - Socket timeout
Caller+0	 at ru.nsu.org.main.lab4snake@1.0-SNAPSHOT/ru.nsu.org.main.lab4snake.backend.protocol.SocketWrap.receive(SocketWrap.java:53)
2022-12-18 14:37:50,489 [pool-5-thread-1] INFO - Trying receive message... on port=50545, addr=/0:0:0:0:0:0:0:0
Caller+0	 at ru.nsu.org.main.lab4snake@1.0-SNAPSHOT/ru.nsu.org.main.lab4snake.backend.protocol.SocketWrap.receive(SocketWrap.java:43)
2022-12-18 14:37:50,989 [pool-5-thread-1] INFO - Socket timeout
Caller+0	 at ru.nsu.org.main.lab4snake@1.0-SNAPSHOT/ru.nsu.org.main.lab4snake.backend.protocol.SocketWrap.receive(SocketWrap.java:53)
2022-12-18 14:37:50,989 [pool-5-thread-1] INFO - Trying receive message... on port=50545, addr=/0:0:0:0:0:0:0:0
Caller+0	 at ru.nsu.org.main.lab4snake@1.0-SNAPSHOT/ru.nsu.org.main.lab4snake.backend.protocol.SocketWrap.receive(SocketWrap.java:43)
2022-12-18 14:37:51,490 [pool-5-thread-1] INFO - Socket timeout
Caller+0	 at ru.nsu.org.main.lab4snake@1.0-SNAPSHOT/ru.nsu.org.main.lab4snake.backend.protocol.SocketWrap.receive(SocketWrap.java:53)
2022-12-18 14:37:51,491 [pool-5-thread-1] INFO - Trying receive message... on port=50545, addr=/0:0:0:0:0:0:0:0
Caller+0	 at ru.nsu.org.main.lab4snake@1.0-SNAPSHOT/ru.nsu.org.main.lab4snake.backend.protocol.SocketWrap.receive(SocketWrap.java:43)
2022-12-18 14:37:51,995 [pool-5-thread-1] INFO - Socket timeout
Caller+0	 at ru.nsu.org.main.lab4snake@1.0-SNAPSHOT/ru.nsu.org.main.lab4snake.backend.protocol.SocketWrap.receive(SocketWrap.java:53)
