2022-12-11 17:00:03,475 [JavaFX Application Thread] INFO - Start game on client!
Caller+0	 at ru.nsu.kudryavtsev.andrey.lab4snake@1.0-SNAPSHOT/GameController.start(GameController.java:110)
2022-12-11 17:00:03,561 [pool-5-thread-1] INFO - Trying receive message... on port=62221, addr=/0:0:0:0:0:0:0:0
Caller+0	 at ru.nsu.kudryavtsev.andrey.lab4snake@1.0-SNAPSHOT/SocketWrap.receive(SocketWrap.java:43)
2022-12-11 17:00:04,063 [pool-5-thread-1] INFO - Socket timeout
Caller+0	 at ru.nsu.kudryavtsev.andrey.lab4snake@1.0-SNAPSHOT/SocketWrap.receive(SocketWrap.java:53)
2022-12-11 17:00:04,063 [pool-5-thread-1] INFO - Trying receive message... on port=62221, addr=/0:0:0:0:0:0:0:0
Caller+0	 at ru.nsu.kudryavtsev.andrey.lab4snake@1.0-SNAPSHOT/SocketWrap.receive(SocketWrap.java:43)
2022-12-11 17:00:04,564 [pool-5-thread-1] INFO - Socket timeout
Caller+0	 at ru.nsu.kudryavtsev.andrey.lab4snake@1.0-SNAPSHOT/SocketWrap.receive(SocketWrap.java:53)
2022-12-11 17:00:04,564 [pool-5-thread-1] INFO - Trying receive message... on port=62221, addr=/0:0:0:0:0:0:0:0
Caller+0	 at ru.nsu.kudryavtsev.andrey.lab4snake@1.0-SNAPSHOT/SocketWrap.receive(SocketWrap.java:43)
2022-12-11 17:00:05,065 [pool-5-thread-1] INFO - Socket timeout
Caller+0	 at ru.nsu.kudryavtsev.andrey.lab4snake@1.0-SNAPSHOT/SocketWrap.receive(SocketWrap.java:53)
2022-12-11 17:00:05,066 [pool-5-thread-1] INFO - Trying receive message... on port=62221, addr=/0:0:0:0:0:0:0:0
Caller+0	 at ru.nsu.kudryavtsev.andrey.lab4snake@1.0-SNAPSHOT/SocketWrap.receive(SocketWrap.java:43)
2022-12-11 17:00:05,566 [pool-5-thread-1] INFO - Socket timeout
Caller+0	 at ru.nsu.kudryavtsev.andrey.lab4snake@1.0-SNAPSHOT/SocketWrap.receive(SocketWrap.java:53)
2022-12-11 17:00:05,566 [pool-5-thread-1] INFO - Trying receive message... on port=62221, addr=/0:0:0:0:0:0:0:0
Caller+0	 at ru.nsu.kudryavtsev.andrey.lab4snake@1.0-SNAPSHOT/SocketWrap.receive(SocketWrap.java:43)
2022-12-11 17:00:06,067 [pool-5-thread-1] INFO - Socket timeout
Caller+0	 at ru.nsu.kudryavtsev.andrey.lab4snake@1.0-SNAPSHOT/SocketWrap.receive(SocketWrap.java:53)
2022-12-11 17:00:06,067 [pool-5-thread-1] INFO - Trying receive message... on port=62221, addr=/0:0:0:0:0:0:0:0
Caller+0	 at ru.nsu.kudryavtsev.andrey.lab4snake@1.0-SNAPSHOT/SocketWrap.receive(SocketWrap.java:43)
2022-12-11 17:00:06,568 [pool-5-thread-1] INFO - Socket timeout
Caller+0	 at ru.nsu.kudryavtsev.andrey.lab4snake@1.0-SNAPSHOT/SocketWrap.receive(SocketWrap.java:53)
2022-12-11 17:00:06,568 [pool-5-thread-1] INFO - Trying receive message... on port=62221, addr=/0:0:0:0:0:0:0:0
Caller+0	 at ru.nsu.kudryavtsev.andrey.lab4snake@1.0-SNAPSHOT/SocketWrap.receive(SocketWrap.java:43)
2022-12-11 17:00:07,069 [pool-5-thread-1] INFO - Socket timeout
Caller+0	 at ru.nsu.kudryavtsev.andrey.lab4snake@1.0-SNAPSHOT/SocketWrap.receive(SocketWrap.java:53)
2022-12-11 17:00:07,069 [pool-5-thread-1] INFO - Trying receive message... on port=62221, addr=/0:0:0:0:0:0:0:0
Caller+0	 at ru.nsu.kudryavtsev.andrey.lab4snake@1.0-SNAPSHOT/SocketWrap.receive(SocketWrap.java:43)
2022-12-11 17:00:07,078 [pool-3-thread-1] INFO - Send to /127.0.0.1, 62221 STEER
Caller+0	 at ru.nsu.kudryavtsev.andrey.lab4snake@1.0-SNAPSHOT/SocketWrap.send(SocketWrap.java:26)
2022-12-11 17:00:07,081 [pool-5-thread-1] INFO - Receive message... on port=62221, addr=/0:0:0:0:0:0:0:0
Caller+0	 at ru.nsu.kudryavtsev.andrey.lab4snake@1.0-SNAPSHOT/SocketWrap.receive(SocketWrap.java:45)
2022-12-11 17:00:07,083 [pool-5-thread-1] INFO - Get message from /127.0.0.1 62221 STEER
Caller+0	 at ru.nsu.kudryavtsev.andrey.lab4snake@1.0-SNAPSHOT/SocketWrap.receive(SocketWrap.java:50)
2022-12-11 17:00:07,086 [pool-5-thread-1] INFO - Send to /127.0.0.1, 62221 ACK
Caller+0	 at ru.nsu.kudryavtsev.andrey.lab4snake@1.0-SNAPSHOT/SocketWrap.send(SocketWrap.java:26)
2022-12-11 17:00:07,087 [pool-5-thread-1] INFO - Trying receive message... on port=62221, addr=/0:0:0:0:0:0:0:0
Caller+0	 at ru.nsu.kudryavtsev.andrey.lab4snake@1.0-SNAPSHOT/SocketWrap.receive(SocketWrap.java:43)
2022-12-11 17:00:07,088 [pool-5-thread-1] INFO - Receive message... on port=62221, addr=/0:0:0:0:0:0:0:0
Caller+0	 at ru.nsu.kudryavtsev.andrey.lab4snake@1.0-SNAPSHOT/SocketWrap.receive(SocketWrap.java:45)
2022-12-11 17:00:07,088 [pool-5-thread-1] INFO - Get message from /127.0.0.1 62221 ACK
Caller+0	 at ru.nsu.kudryavtsev.andrey.lab4snake@1.0-SNAPSHOT/SocketWrap.receive(SocketWrap.java:50)
2022-12-11 17:00:07,088 [pool-5-thread-1] INFO - Trying receive message... on port=62221, addr=/0:0:0:0:0:0:0:0
Caller+0	 at ru.nsu.kudryavtsev.andrey.lab4snake@1.0-SNAPSHOT/SocketWrap.receive(SocketWrap.java:43)
2022-12-11 17:00:07,589 [pool-5-thread-1] INFO - Socket timeout
Caller+0	 at ru.nsu.kudryavtsev.andrey.lab4snake@1.0-SNAPSHOT/SocketWrap.receive(SocketWrap.java:53)
2022-12-11 17:00:07,589 [pool-5-thread-1] INFO - Trying receive message... on port=62221, addr=/0:0:0:0:0:0:0:0
Caller+0	 at ru.nsu.kudryavtsev.andrey.lab4snake@1.0-SNAPSHOT/SocketWrap.receive(SocketWrap.java:43)
2022-12-11 17:00:08,090 [pool-5-thread-1] INFO - Socket timeout
Caller+0	 at ru.nsu.kudryavtsev.andrey.lab4snake@1.0-SNAPSHOT/SocketWrap.receive(SocketWrap.java:53)
2022-12-11 17:00:08,090 [pool-5-thread-1] INFO - Trying receive message... on port=62221, addr=/0:0:0:0:0:0:0:0
Caller+0	 at ru.nsu.kudryavtsev.andrey.lab4snake@1.0-SNAPSHOT/SocketWrap.receive(SocketWrap.java:43)
2022-12-11 17:00:08,591 [pool-5-thread-1] INFO - Socket timeout
Caller+0	 at ru.nsu.kudryavtsev.andrey.lab4snake@1.0-SNAPSHOT/SocketWrap.receive(SocketWrap.java:53)
2022-12-11 17:00:08,591 [pool-5-thread-1] INFO - Trying receive message... on port=62221, addr=/0:0:0:0:0:0:0:0
Caller+0	 at ru.nsu.kudryavtsev.andrey.lab4snake@1.0-SNAPSHOT/SocketWrap.receive(SocketWrap.java:43)
2022-12-11 17:00:09,092 [pool-5-thread-1] INFO - Socket timeout
Caller+0	 at ru.nsu.kudryavtsev.andrey.lab4snake@1.0-SNAPSHOT/SocketWrap.receive(SocketWrap.java:53)
2022-12-11 17:00:09,093 [pool-5-thread-1] INFO - Trying receive message... on port=62221, addr=/0:0:0:0:0:0:0:0
Caller+0	 at ru.nsu.kudryavtsev.andrey.lab4snake@1.0-SNAPSHOT/SocketWrap.receive(SocketWrap.java:43)
2022-12-11 17:00:09,593 [pool-5-thread-1] INFO - Socket timeout
Caller+0	 at ru.nsu.kudryavtsev.andrey.lab4snake@1.0-SNAPSHOT/SocketWrap.receive(SocketWrap.java:53)
2022-12-11 17:00:09,594 [pool-5-thread-1] INFO - Trying receive message... on port=62221, addr=/0:0:0:0:0:0:0:0
Caller+0	 at ru.nsu.kudryavtsev.andrey.lab4snake@1.0-SNAPSHOT/SocketWrap.receive(SocketWrap.java:43)
2022-12-11 17:00:10,095 [pool-5-thread-1] INFO - Socket timeout
Caller+0	 at ru.nsu.kudryavtsev.andrey.lab4snake@1.0-SNAPSHOT/SocketWrap.receive(SocketWrap.java:53)
2022-12-11 17:00:10,096 [pool-5-thread-1] INFO - Trying receive message... on port=62221, addr=/0:0:0:0:0:0:0:0
Caller+0	 at ru.nsu.kudryavtsev.andrey.lab4snake@1.0-SNAPSHOT/SocketWrap.receive(SocketWrap.java:43)
2022-12-11 17:00:10,596 [pool-5-thread-1] INFO - Socket timeout
Caller+0	 at ru.nsu.kudryavtsev.andrey.lab4snake@1.0-SNAPSHOT/SocketWrap.receive(SocketWrap.java:53)
2022-12-11 17:00:10,597 [pool-5-thread-1] INFO - Trying receive message... on port=62221, addr=/0:0:0:0:0:0:0:0
Caller+0	 at ru.nsu.kudryavtsev.andrey.lab4snake@1.0-SNAPSHOT/SocketWrap.receive(SocketWrap.java:43)
2022-12-11 17:00:11,097 [pool-5-thread-1] INFO - Socket timeout
Caller+0	 at ru.nsu.kudryavtsev.andrey.lab4snake@1.0-SNAPSHOT/SocketWrap.receive(SocketWrap.java:53)
2022-12-11 17:00:11,098 [pool-5-thread-1] INFO - Trying receive message... on port=62221, addr=/0:0:0:0:0:0:0:0
Caller+0	 at ru.nsu.kudryavtsev.andrey.lab4snake@1.0-SNAPSHOT/SocketWrap.receive(SocketWrap.java:43)
2022-12-11 17:00:11,598 [pool-5-thread-1] INFO - Socket timeout
Caller+0	 at ru.nsu.kudryavtsev.andrey.lab4snake@1.0-SNAPSHOT/SocketWrap.receive(SocketWrap.java:53)
2022-12-11 17:00:11,599 [pool-5-thread-1] INFO - Trying receive message... on port=62221, addr=/0:0:0:0:0:0:0:0
Caller+0	 at ru.nsu.kudryavtsev.andrey.lab4snake@1.0-SNAPSHOT/SocketWrap.receive(SocketWrap.java:43)
2022-12-11 17:00:12,100 [pool-5-thread-1] INFO - Socket timeout
Caller+0	 at ru.nsu.kudryavtsev.andrey.lab4snake@1.0-SNAPSHOT/SocketWrap.receive(SocketWrap.java:53)
2022-12-11 17:00:12,100 [pool-5-thread-1] INFO - Trying receive message... on port=62221, addr=/0:0:0:0:0:0:0:0
Caller+0	 at ru.nsu.kudryavtsev.andrey.lab4snake@1.0-SNAPSHOT/SocketWrap.receive(SocketWrap.java:43)
2022-12-11 17:00:12,601 [pool-5-thread-1] INFO - Socket timeout
Caller+0	 at ru.nsu.kudryavtsev.andrey.lab4snake@1.0-SNAPSHOT/SocketWrap.receive(SocketWrap.java:53)
2022-12-11 17:00:12,602 [pool-5-thread-1] INFO - Trying receive message... on port=62221, addr=/0:0:0:0:0:0:0:0
Caller+0	 at ru.nsu.kudryavtsev.andrey.lab4snake@1.0-SNAPSHOT/SocketWrap.receive(SocketWrap.java:43)
2022-12-11 17:00:13,103 [pool-5-thread-1] INFO - Socket timeout
Caller+0	 at ru.nsu.kudryavtsev.andrey.lab4snake@1.0-SNAPSHOT/SocketWrap.receive(SocketWrap.java:53)
2022-12-11 17:00:13,103 [pool-5-thread-1] INFO - Trying receive message... on port=62221, addr=/0:0:0:0:0:0:0:0
Caller+0	 at ru.nsu.kudryavtsev.andrey.lab4snake@1.0-SNAPSHOT/SocketWrap.receive(SocketWrap.java:43)
2022-12-11 17:00:13,604 [pool-5-thread-1] INFO - Socket timeout
Caller+0	 at ru.nsu.kudryavtsev.andrey.lab4snake@1.0-SNAPSHOT/SocketWrap.receive(SocketWrap.java:53)
2022-12-11 17:00:13,604 [pool-5-thread-1] INFO - Trying receive message... on port=62221, addr=/0:0:0:0:0:0:0:0
Caller+0	 at ru.nsu.kudryavtsev.andrey.lab4snake@1.0-SNAPSHOT/SocketWrap.receive(SocketWrap.java:43)
2022-12-11 17:00:14,106 [pool-5-thread-1] INFO - Socket timeout
Caller+0	 at ru.nsu.kudryavtsev.andrey.lab4snake@1.0-SNAPSHOT/SocketWrap.receive(SocketWrap.java:53)
2022-12-11 17:00:14,106 [pool-5-thread-1] INFO - Trying receive message... on port=62221, addr=/0:0:0:0:0:0:0:0
Caller+0	 at ru.nsu.kudryavtsev.andrey.lab4snake@1.0-SNAPSHOT/SocketWrap.receive(SocketWrap.java:43)
2022-12-11 17:00:14,606 [pool-5-thread-1] INFO - Socket timeout
Caller+0	 at ru.nsu.kudryavtsev.andrey.lab4snake@1.0-SNAPSHOT/SocketWrap.receive(SocketWrap.java:53)
