2022-12-14 23:26:54,989 [JavaFX Application Thread] INFO - Start game on client!
Caller+0	 at ru.nsu.org.main.lab4snake@1.0-SNAPSHOT/ru.nsu.org.main.lab4snake.controller.GameController.start(GameController.java:110)
2022-12-14 23:26:55,044 [pool-5-thread-1] INFO - Trying receive message... on port=58390, addr=/0:0:0:0:0:0:0:0
Caller+0	 at ru.nsu.org.main.lab4snake@1.0-SNAPSHOT/ru.nsu.org.main.lab4snake.backend.protocol.SocketWrap.receive(SocketWrap.java:43)
2022-12-14 23:26:55,545 [pool-5-thread-1] INFO - Socket timeout
Caller+0	 at ru.nsu.org.main.lab4snake@1.0-SNAPSHOT/ru.nsu.org.main.lab4snake.backend.protocol.SocketWrap.receive(SocketWrap.java:53)
2022-12-14 23:26:55,546 [pool-5-thread-1] INFO - Trying receive message... on port=58390, addr=/0:0:0:0:0:0:0:0
Caller+0	 at ru.nsu.org.main.lab4snake@1.0-SNAPSHOT/ru.nsu.org.main.lab4snake.backend.protocol.SocketWrap.receive(SocketWrap.java:43)
2022-12-14 23:26:56,047 [pool-5-thread-1] INFO - Socket timeout
Caller+0	 at ru.nsu.org.main.lab4snake@1.0-SNAPSHOT/ru.nsu.org.main.lab4snake.backend.protocol.SocketWrap.receive(SocketWrap.java:53)
2022-12-14 23:26:56,048 [pool-5-thread-1] INFO - Trying receive message... on port=58390, addr=/0:0:0:0:0:0:0:0
Caller+0	 at ru.nsu.org.main.lab4snake@1.0-SNAPSHOT/ru.nsu.org.main.lab4snake.backend.protocol.SocketWrap.receive(SocketWrap.java:43)
2022-12-14 23:26:56,549 [pool-5-thread-1] INFO - Socket timeout
Caller+0	 at ru.nsu.org.main.lab4snake@1.0-SNAPSHOT/ru.nsu.org.main.lab4snake.backend.protocol.SocketWrap.receive(SocketWrap.java:53)
2022-12-14 23:26:56,549 [pool-5-thread-1] INFO - Trying receive message... on port=58390, addr=/0:0:0:0:0:0:0:0
Caller+0	 at ru.nsu.org.main.lab4snake@1.0-SNAPSHOT/ru.nsu.org.main.lab4snake.backend.protocol.SocketWrap.receive(SocketWrap.java:43)
2022-12-14 23:26:57,050 [pool-5-thread-1] INFO - Socket timeout
Caller+0	 at ru.nsu.org.main.lab4snake@1.0-SNAPSHOT/ru.nsu.org.main.lab4snake.backend.protocol.SocketWrap.receive(SocketWrap.java:53)
2022-12-14 23:26:57,051 [pool-5-thread-1] INFO - Trying receive message... on port=58390, addr=/0:0:0:0:0:0:0:0
Caller+0	 at ru.nsu.org.main.lab4snake@1.0-SNAPSHOT/ru.nsu.org.main.lab4snake.backend.protocol.SocketWrap.receive(SocketWrap.java:43)
2022-12-14 23:26:57,552 [pool-5-thread-1] INFO - Socket timeout
Caller+0	 at ru.nsu.org.main.lab4snake@1.0-SNAPSHOT/ru.nsu.org.main.lab4snake.backend.protocol.SocketWrap.receive(SocketWrap.java:53)
2022-12-14 23:26:57,554 [pool-5-thread-1] INFO - Trying receive message... on port=58390, addr=/0:0:0:0:0:0:0:0
Caller+0	 at ru.nsu.org.main.lab4snake@1.0-SNAPSHOT/ru.nsu.org.main.lab4snake.backend.protocol.SocketWrap.receive(SocketWrap.java:43)
2022-12-14 23:26:58,055 [pool-5-thread-1] INFO - Socket timeout
Caller+0	 at ru.nsu.org.main.lab4snake@1.0-SNAPSHOT/ru.nsu.org.main.lab4snake.backend.protocol.SocketWrap.receive(SocketWrap.java:53)
2022-12-14 23:26:58,056 [pool-5-thread-1] INFO - Trying receive message... on port=58390, addr=/0:0:0:0:0:0:0:0
Caller+0	 at ru.nsu.org.main.lab4snake@1.0-SNAPSHOT/ru.nsu.org.main.lab4snake.backend.protocol.SocketWrap.receive(SocketWrap.java:43)
2022-12-14 23:26:58,556 [pool-5-thread-1] INFO - Socket timeout
Caller+0	 at ru.nsu.org.main.lab4snake@1.0-SNAPSHOT/ru.nsu.org.main.lab4snake.backend.protocol.SocketWrap.receive(SocketWrap.java:53)
2022-12-14 23:26:58,557 [pool-5-thread-1] INFO - Trying receive message... on port=58390, addr=/0:0:0:0:0:0:0:0
Caller+0	 at ru.nsu.org.main.lab4snake@1.0-SNAPSHOT/ru.nsu.org.main.lab4snake.backend.protocol.SocketWrap.receive(SocketWrap.java:43)
2022-12-14 23:26:59,058 [pool-5-thread-1] INFO - Socket timeout
Caller+0	 at ru.nsu.org.main.lab4snake@1.0-SNAPSHOT/ru.nsu.org.main.lab4snake.backend.protocol.SocketWrap.receive(SocketWrap.java:53)
2022-12-14 23:26:59,061 [pool-5-thread-1] INFO - Trying receive message... on port=58390, addr=/0:0:0:0:0:0:0:0
Caller+0	 at ru.nsu.org.main.lab4snake@1.0-SNAPSHOT/ru.nsu.org.main.lab4snake.backend.protocol.SocketWrap.receive(SocketWrap.java:43)
2022-12-14 23:26:59,400 [pool-3-thread-1] INFO - Send to /127.0.0.1, 58390 STEER
Caller+0	 at ru.nsu.org.main.lab4snake@1.0-SNAPSHOT/ru.nsu.org.main.lab4snake.backend.protocol.SocketWrap.send(SocketWrap.java:26)
2022-12-14 23:26:59,402 [pool-5-thread-1] INFO - Receive message... on port=58390, addr=/0:0:0:0:0:0:0:0
Caller+0	 at ru.nsu.org.main.lab4snake@1.0-SNAPSHOT/ru.nsu.org.main.lab4snake.backend.protocol.SocketWrap.receive(SocketWrap.java:45)
2022-12-14 23:26:59,403 [pool-5-thread-1] INFO - Get message from /127.0.0.1 58390 STEER
Caller+0	 at ru.nsu.org.main.lab4snake@1.0-SNAPSHOT/ru.nsu.org.main.lab4snake.backend.protocol.SocketWrap.receive(SocketWrap.java:50)
2022-12-14 23:26:59,406 [pool-5-thread-1] INFO - Send to /127.0.0.1, 58390 ACK
Caller+0	 at ru.nsu.org.main.lab4snake@1.0-SNAPSHOT/ru.nsu.org.main.lab4snake.backend.protocol.SocketWrap.send(SocketWrap.java:26)
2022-12-14 23:26:59,406 [pool-5-thread-1] INFO - Trying receive message... on port=58390, addr=/0:0:0:0:0:0:0:0
Caller+0	 at ru.nsu.org.main.lab4snake@1.0-SNAPSHOT/ru.nsu.org.main.lab4snake.backend.protocol.SocketWrap.receive(SocketWrap.java:43)
2022-12-14 23:26:59,407 [pool-5-thread-1] INFO - Receive message... on port=58390, addr=/0:0:0:0:0:0:0:0
Caller+0	 at ru.nsu.org.main.lab4snake@1.0-SNAPSHOT/ru.nsu.org.main.lab4snake.backend.protocol.SocketWrap.receive(SocketWrap.java:45)
2022-12-14 23:26:59,407 [pool-5-thread-1] INFO - Get message from /127.0.0.1 58390 ACK
Caller+0	 at ru.nsu.org.main.lab4snake@1.0-SNAPSHOT/ru.nsu.org.main.lab4snake.backend.protocol.SocketWrap.receive(SocketWrap.java:50)
2022-12-14 23:26:59,407 [pool-5-thread-1] INFO - Trying receive message... on port=58390, addr=/0:0:0:0:0:0:0:0
Caller+0	 at ru.nsu.org.main.lab4snake@1.0-SNAPSHOT/ru.nsu.org.main.lab4snake.backend.protocol.SocketWrap.receive(SocketWrap.java:43)
2022-12-14 23:26:59,546 [pool-3-thread-1] INFO - Send to /127.0.0.1, 58390 STEER
Caller+0	 at ru.nsu.org.main.lab4snake@1.0-SNAPSHOT/ru.nsu.org.main.lab4snake.backend.protocol.SocketWrap.send(SocketWrap.java:26)
2022-12-14 23:26:59,547 [pool-5-thread-1] INFO - Receive message... on port=58390, addr=/0:0:0:0:0:0:0:0
Caller+0	 at ru.nsu.org.main.lab4snake@1.0-SNAPSHOT/ru.nsu.org.main.lab4snake.backend.protocol.SocketWrap.receive(SocketWrap.java:45)
2022-12-14 23:26:59,548 [pool-5-thread-1] INFO - Get message from /127.0.0.1 58390 STEER
Caller+0	 at ru.nsu.org.main.lab4snake@1.0-SNAPSHOT/ru.nsu.org.main.lab4snake.backend.protocol.SocketWrap.receive(SocketWrap.java:50)
2022-12-14 23:26:59,548 [pool-5-thread-1] INFO - Send to /127.0.0.1, 58390 ACK
Caller+0	 at ru.nsu.org.main.lab4snake@1.0-SNAPSHOT/ru.nsu.org.main.lab4snake.backend.protocol.SocketWrap.send(SocketWrap.java:26)
2022-12-14 23:26:59,549 [pool-5-thread-1] INFO - Trying receive message... on port=58390, addr=/0:0:0:0:0:0:0:0
Caller+0	 at ru.nsu.org.main.lab4snake@1.0-SNAPSHOT/ru.nsu.org.main.lab4snake.backend.protocol.SocketWrap.receive(SocketWrap.java:43)
2022-12-14 23:26:59,550 [pool-5-thread-1] INFO - Receive message... on port=58390, addr=/0:0:0:0:0:0:0:0
Caller+0	 at ru.nsu.org.main.lab4snake@1.0-SNAPSHOT/ru.nsu.org.main.lab4snake.backend.protocol.SocketWrap.receive(SocketWrap.java:45)
2022-12-14 23:26:59,550 [pool-5-thread-1] INFO - Get message from /127.0.0.1 58390 ACK
Caller+0	 at ru.nsu.org.main.lab4snake@1.0-SNAPSHOT/ru.nsu.org.main.lab4snake.backend.protocol.SocketWrap.receive(SocketWrap.java:50)
2022-12-14 23:26:59,551 [pool-5-thread-1] INFO - Trying receive message... on port=58390, addr=/0:0:0:0:0:0:0:0
Caller+0	 at ru.nsu.org.main.lab4snake@1.0-SNAPSHOT/ru.nsu.org.main.lab4snake.backend.protocol.SocketWrap.receive(SocketWrap.java:43)
2022-12-14 23:27:00,051 [pool-5-thread-1] INFO - Socket timeout
Caller+0	 at ru.nsu.org.main.lab4snake@1.0-SNAPSHOT/ru.nsu.org.main.lab4snake.backend.protocol.SocketWrap.receive(SocketWrap.java:53)
2022-12-14 23:27:00,051 [pool-5-thread-1] INFO - Trying receive message... on port=58390, addr=/0:0:0:0:0:0:0:0
Caller+0	 at ru.nsu.org.main.lab4snake@1.0-SNAPSHOT/ru.nsu.org.main.lab4snake.backend.protocol.SocketWrap.receive(SocketWrap.java:43)
2022-12-14 23:27:00,552 [pool-5-thread-1] INFO - Socket timeout
Caller+0	 at ru.nsu.org.main.lab4snake@1.0-SNAPSHOT/ru.nsu.org.main.lab4snake.backend.protocol.SocketWrap.receive(SocketWrap.java:53)
2022-12-14 23:27:00,553 [pool-5-thread-1] INFO - Trying receive message... on port=58390, addr=/0:0:0:0:0:0:0:0
Caller+0	 at ru.nsu.org.main.lab4snake@1.0-SNAPSHOT/ru.nsu.org.main.lab4snake.backend.protocol.SocketWrap.receive(SocketWrap.java:43)
2022-12-14 23:27:00,631 [pool-3-thread-1] INFO - Send to /127.0.0.1, 58390 STEER
Caller+0	 at ru.nsu.org.main.lab4snake@1.0-SNAPSHOT/ru.nsu.org.main.lab4snake.backend.protocol.SocketWrap.send(SocketWrap.java:26)
2022-12-14 23:27:00,632 [pool-5-thread-1] INFO - Receive message... on port=58390, addr=/0:0:0:0:0:0:0:0
Caller+0	 at ru.nsu.org.main.lab4snake@1.0-SNAPSHOT/ru.nsu.org.main.lab4snake.backend.protocol.SocketWrap.receive(SocketWrap.java:45)
2022-12-14 23:27:00,633 [pool-5-thread-1] INFO - Get message from /127.0.0.1 58390 STEER
Caller+0	 at ru.nsu.org.main.lab4snake@1.0-SNAPSHOT/ru.nsu.org.main.lab4snake.backend.protocol.SocketWrap.receive(SocketWrap.java:50)
2022-12-14 23:27:00,633 [pool-5-thread-1] INFO - Send to /127.0.0.1, 58390 ACK
Caller+0	 at ru.nsu.org.main.lab4snake@1.0-SNAPSHOT/ru.nsu.org.main.lab4snake.backend.protocol.SocketWrap.send(SocketWrap.java:26)
2022-12-14 23:27:00,633 [pool-5-thread-1] INFO - Trying receive message... on port=58390, addr=/0:0:0:0:0:0:0:0
Caller+0	 at ru.nsu.org.main.lab4snake@1.0-SNAPSHOT/ru.nsu.org.main.lab4snake.backend.protocol.SocketWrap.receive(SocketWrap.java:43)
2022-12-14 23:27:00,633 [pool-5-thread-1] INFO - Receive message... on port=58390, addr=/0:0:0:0:0:0:0:0
Caller+0	 at ru.nsu.org.main.lab4snake@1.0-SNAPSHOT/ru.nsu.org.main.lab4snake.backend.protocol.SocketWrap.receive(SocketWrap.java:45)
2022-12-14 23:27:00,637 [pool-5-thread-1] INFO - Get message from /127.0.0.1 58390 ACK
Caller+0	 at ru.nsu.org.main.lab4snake@1.0-SNAPSHOT/ru.nsu.org.main.lab4snake.backend.protocol.SocketWrap.receive(SocketWrap.java:50)
2022-12-14 23:27:00,637 [pool-5-thread-1] INFO - Trying receive message... on port=58390, addr=/0:0:0:0:0:0:0:0
Caller+0	 at ru.nsu.org.main.lab4snake@1.0-SNAPSHOT/ru.nsu.org.main.lab4snake.backend.protocol.SocketWrap.receive(SocketWrap.java:43)
2022-12-14 23:27:00,935 [pool-3-thread-1] INFO - Send to /127.0.0.1, 58390 STEER
Caller+0	 at ru.nsu.org.main.lab4snake@1.0-SNAPSHOT/ru.nsu.org.main.lab4snake.backend.protocol.SocketWrap.send(SocketWrap.java:26)
2022-12-14 23:27:00,936 [pool-5-thread-1] INFO - Receive message... on port=58390, addr=/0:0:0:0:0:0:0:0
Caller+0	 at ru.nsu.org.main.lab4snake@1.0-SNAPSHOT/ru.nsu.org.main.lab4snake.backend.protocol.SocketWrap.receive(SocketWrap.java:45)
2022-12-14 23:27:00,937 [pool-5-thread-1] INFO - Get message from /127.0.0.1 58390 STEER
Caller+0	 at ru.nsu.org.main.lab4snake@1.0-SNAPSHOT/ru.nsu.org.main.lab4snake.backend.protocol.SocketWrap.receive(SocketWrap.java:50)
2022-12-14 23:27:00,937 [pool-5-thread-1] INFO - Send to /127.0.0.1, 58390 ACK
Caller+0	 at ru.nsu.org.main.lab4snake@1.0-SNAPSHOT/ru.nsu.org.main.lab4snake.backend.protocol.SocketWrap.send(SocketWrap.java:26)
2022-12-14 23:27:00,938 [pool-5-thread-1] INFO - Trying receive message... on port=58390, addr=/0:0:0:0:0:0:0:0
Caller+0	 at ru.nsu.org.main.lab4snake@1.0-SNAPSHOT/ru.nsu.org.main.lab4snake.backend.protocol.SocketWrap.receive(SocketWrap.java:43)
2022-12-14 23:27:00,939 [pool-5-thread-1] INFO - Receive message... on port=58390, addr=/0:0:0:0:0:0:0:0
Caller+0	 at ru.nsu.org.main.lab4snake@1.0-SNAPSHOT/ru.nsu.org.main.lab4snake.backend.protocol.SocketWrap.receive(SocketWrap.java:45)
2022-12-14 23:27:00,939 [pool-5-thread-1] INFO - Get message from /127.0.0.1 58390 ACK
Caller+0	 at ru.nsu.org.main.lab4snake@1.0-SNAPSHOT/ru.nsu.org.main.lab4snake.backend.protocol.SocketWrap.receive(SocketWrap.java:50)
2022-12-14 23:27:00,939 [pool-5-thread-1] INFO - Trying receive message... on port=58390, addr=/0:0:0:0:0:0:0:0
Caller+0	 at ru.nsu.org.main.lab4snake@1.0-SNAPSHOT/ru.nsu.org.main.lab4snake.backend.protocol.SocketWrap.receive(SocketWrap.java:43)
2022-12-14 23:27:01,440 [pool-5-thread-1] INFO - Socket timeout
Caller+0	 at ru.nsu.org.main.lab4snake@1.0-SNAPSHOT/ru.nsu.org.main.lab4snake.backend.protocol.SocketWrap.receive(SocketWrap.java:53)
2022-12-14 23:27:01,441 [pool-5-thread-1] INFO - Trying receive message... on port=58390, addr=/0:0:0:0:0:0:0:0
Caller+0	 at ru.nsu.org.main.lab4snake@1.0-SNAPSHOT/ru.nsu.org.main.lab4snake.backend.protocol.SocketWrap.receive(SocketWrap.java:43)
2022-12-14 23:27:01,942 [pool-5-thread-1] INFO - Socket timeout
Caller+0	 at ru.nsu.org.main.lab4snake@1.0-SNAPSHOT/ru.nsu.org.main.lab4snake.backend.protocol.SocketWrap.receive(SocketWrap.java:53)
2022-12-14 23:27:01,942 [pool-5-thread-1] INFO - Trying receive message... on port=58390, addr=/0:0:0:0:0:0:0:0
Caller+0	 at ru.nsu.org.main.lab4snake@1.0-SNAPSHOT/ru.nsu.org.main.lab4snake.backend.protocol.SocketWrap.receive(SocketWrap.java:43)
2022-12-14 23:27:02,130 [pool-3-thread-1] INFO - Send to /127.0.0.1, 58390 STEER
Caller+0	 at ru.nsu.org.main.lab4snake@1.0-SNAPSHOT/ru.nsu.org.main.lab4snake.backend.protocol.SocketWrap.send(SocketWrap.java:26)
2022-12-14 23:27:02,131 [pool-5-thread-1] INFO - Receive message... on port=58390, addr=/0:0:0:0:0:0:0:0
Caller+0	 at ru.nsu.org.main.lab4snake@1.0-SNAPSHOT/ru.nsu.org.main.lab4snake.backend.protocol.SocketWrap.receive(SocketWrap.java:45)
2022-12-14 23:27:02,132 [pool-5-thread-1] INFO - Get message from /127.0.0.1 58390 STEER
Caller+0	 at ru.nsu.org.main.lab4snake@1.0-SNAPSHOT/ru.nsu.org.main.lab4snake.backend.protocol.SocketWrap.receive(SocketWrap.java:50)
2022-12-14 23:27:02,132 [pool-5-thread-1] INFO - Send to /127.0.0.1, 58390 ACK
Caller+0	 at ru.nsu.org.main.lab4snake@1.0-SNAPSHOT/ru.nsu.org.main.lab4snake.backend.protocol.SocketWrap.send(SocketWrap.java:26)
2022-12-14 23:27:02,133 [pool-5-thread-1] INFO - Trying receive message... on port=58390, addr=/0:0:0:0:0:0:0:0
Caller+0	 at ru.nsu.org.main.lab4snake@1.0-SNAPSHOT/ru.nsu.org.main.lab4snake.backend.protocol.SocketWrap.receive(SocketWrap.java:43)
2022-12-14 23:27:02,133 [pool-5-thread-1] INFO - Receive message... on port=58390, addr=/0:0:0:0:0:0:0:0
Caller+0	 at ru.nsu.org.main.lab4snake@1.0-SNAPSHOT/ru.nsu.org.main.lab4snake.backend.protocol.SocketWrap.receive(SocketWrap.java:45)
2022-12-14 23:27:02,133 [pool-5-thread-1] INFO - Get message from /127.0.0.1 58390 ACK
Caller+0	 at ru.nsu.org.main.lab4snake@1.0-SNAPSHOT/ru.nsu.org.main.lab4snake.backend.protocol.SocketWrap.receive(SocketWrap.java:50)
2022-12-14 23:27:02,134 [pool-5-thread-1] INFO - Trying receive message... on port=58390, addr=/0:0:0:0:0:0:0:0
Caller+0	 at ru.nsu.org.main.lab4snake@1.0-SNAPSHOT/ru.nsu.org.main.lab4snake.backend.protocol.SocketWrap.receive(SocketWrap.java:43)
2022-12-14 23:27:02,336 [pool-3-thread-1] INFO - Send to /127.0.0.1, 58390 STEER
Caller+0	 at ru.nsu.org.main.lab4snake@1.0-SNAPSHOT/ru.nsu.org.main.lab4snake.backend.protocol.SocketWrap.send(SocketWrap.java:26)
2022-12-14 23:27:02,337 [pool-5-thread-1] INFO - Receive message... on port=58390, addr=/0:0:0:0:0:0:0:0
Caller+0	 at ru.nsu.org.main.lab4snake@1.0-SNAPSHOT/ru.nsu.org.main.lab4snake.backend.protocol.SocketWrap.receive(SocketWrap.java:45)
2022-12-14 23:27:02,338 [pool-5-thread-1] INFO - Get message from /127.0.0.1 58390 STEER
Caller+0	 at ru.nsu.org.main.lab4snake@1.0-SNAPSHOT/ru.nsu.org.main.lab4snake.backend.protocol.SocketWrap.receive(SocketWrap.java:50)
2022-12-14 23:27:02,338 [pool-5-thread-1] INFO - Send to /127.0.0.1, 58390 ACK
Caller+0	 at ru.nsu.org.main.lab4snake@1.0-SNAPSHOT/ru.nsu.org.main.lab4snake.backend.protocol.SocketWrap.send(SocketWrap.java:26)
2022-12-14 23:27:02,339 [pool-5-thread-1] INFO - Trying receive message... on port=58390, addr=/0:0:0:0:0:0:0:0
Caller+0	 at ru.nsu.org.main.lab4snake@1.0-SNAPSHOT/ru.nsu.org.main.lab4snake.backend.protocol.SocketWrap.receive(SocketWrap.java:43)
2022-12-14 23:27:02,339 [pool-5-thread-1] INFO - Receive message... on port=58390, addr=/0:0:0:0:0:0:0:0
Caller+0	 at ru.nsu.org.main.lab4snake@1.0-SNAPSHOT/ru.nsu.org.main.lab4snake.backend.protocol.SocketWrap.receive(SocketWrap.java:45)
2022-12-14 23:27:02,340 [pool-5-thread-1] INFO - Get message from /127.0.0.1 58390 ACK
Caller+0	 at ru.nsu.org.main.lab4snake@1.0-SNAPSHOT/ru.nsu.org.main.lab4snake.backend.protocol.SocketWrap.receive(SocketWrap.java:50)
2022-12-14 23:27:02,340 [pool-5-thread-1] INFO - Trying receive message... on port=58390, addr=/0:0:0:0:0:0:0:0
Caller+0	 at ru.nsu.org.main.lab4snake@1.0-SNAPSHOT/ru.nsu.org.main.lab4snake.backend.protocol.SocketWrap.receive(SocketWrap.java:43)
2022-12-14 23:27:02,499 [pool-3-thread-1] INFO - Send to /127.0.0.1, 58390 STEER
Caller+0	 at ru.nsu.org.main.lab4snake@1.0-SNAPSHOT/ru.nsu.org.main.lab4snake.backend.protocol.SocketWrap.send(SocketWrap.java:26)
2022-12-14 23:27:02,500 [pool-5-thread-1] INFO - Receive message... on port=58390, addr=/0:0:0:0:0:0:0:0
Caller+0	 at ru.nsu.org.main.lab4snake@1.0-SNAPSHOT/ru.nsu.org.main.lab4snake.backend.protocol.SocketWrap.receive(SocketWrap.java:45)
2022-12-14 23:27:02,500 [pool-5-thread-1] INFO - Get message from /127.0.0.1 58390 STEER
Caller+0	 at ru.nsu.org.main.lab4snake@1.0-SNAPSHOT/ru.nsu.org.main.lab4snake.backend.protocol.SocketWrap.receive(SocketWrap.java:50)
2022-12-14 23:27:02,500 [pool-5-thread-1] INFO - Send to /127.0.0.1, 58390 ACK
Caller+0	 at ru.nsu.org.main.lab4snake@1.0-SNAPSHOT/ru.nsu.org.main.lab4snake.backend.protocol.SocketWrap.send(SocketWrap.java:26)
2022-12-14 23:27:02,501 [pool-5-thread-1] INFO - Trying receive message... on port=58390, addr=/0:0:0:0:0:0:0:0
Caller+0	 at ru.nsu.org.main.lab4snake@1.0-SNAPSHOT/ru.nsu.org.main.lab4snake.backend.protocol.SocketWrap.receive(SocketWrap.java:43)
2022-12-14 23:27:02,501 [pool-5-thread-1] INFO - Receive message... on port=58390, addr=/0:0:0:0:0:0:0:0
Caller+0	 at ru.nsu.org.main.lab4snake@1.0-SNAPSHOT/ru.nsu.org.main.lab4snake.backend.protocol.SocketWrap.receive(SocketWrap.java:45)
2022-12-14 23:27:02,501 [pool-5-thread-1] INFO - Get message from /127.0.0.1 58390 ACK
Caller+0	 at ru.nsu.org.main.lab4snake@1.0-SNAPSHOT/ru.nsu.org.main.lab4snake.backend.protocol.SocketWrap.receive(SocketWrap.java:50)
2022-12-14 23:27:02,501 [pool-5-thread-1] INFO - Trying receive message... on port=58390, addr=/0:0:0:0:0:0:0:0
Caller+0	 at ru.nsu.org.main.lab4snake@1.0-SNAPSHOT/ru.nsu.org.main.lab4snake.backend.protocol.SocketWrap.receive(SocketWrap.java:43)
2022-12-14 23:27:03,002 [pool-5-thread-1] INFO - Socket timeout
Caller+0	 at ru.nsu.org.main.lab4snake@1.0-SNAPSHOT/ru.nsu.org.main.lab4snake.backend.protocol.SocketWrap.receive(SocketWrap.java:53)
2022-12-14 23:27:03,002 [pool-5-thread-1] INFO - Trying receive message... on port=58390, addr=/0:0:0:0:0:0:0:0
Caller+0	 at ru.nsu.org.main.lab4snake@1.0-SNAPSHOT/ru.nsu.org.main.lab4snake.backend.protocol.SocketWrap.receive(SocketWrap.java:43)
2022-12-14 23:27:03,503 [pool-5-thread-1] INFO - Socket timeout
Caller+0	 at ru.nsu.org.main.lab4snake@1.0-SNAPSHOT/ru.nsu.org.main.lab4snake.backend.protocol.SocketWrap.receive(SocketWrap.java:53)
2022-12-14 23:27:03,503 [pool-5-thread-1] INFO - Trying receive message... on port=58390, addr=/0:0:0:0:0:0:0:0
Caller+0	 at ru.nsu.org.main.lab4snake@1.0-SNAPSHOT/ru.nsu.org.main.lab4snake.backend.protocol.SocketWrap.receive(SocketWrap.java:43)
2022-12-14 23:27:03,547 [pool-3-thread-1] INFO - Send to /127.0.0.1, 58390 STEER
Caller+0	 at ru.nsu.org.main.lab4snake@1.0-SNAPSHOT/ru.nsu.org.main.lab4snake.backend.protocol.SocketWrap.send(SocketWrap.java:26)
2022-12-14 23:27:03,548 [pool-5-thread-1] INFO - Receive message... on port=58390, addr=/0:0:0:0:0:0:0:0
Caller+0	 at ru.nsu.org.main.lab4snake@1.0-SNAPSHOT/ru.nsu.org.main.lab4snake.backend.protocol.SocketWrap.receive(SocketWrap.java:45)
2022-12-14 23:27:03,549 [pool-5-thread-1] INFO - Get message from /127.0.0.1 58390 STEER
Caller+0	 at ru.nsu.org.main.lab4snake@1.0-SNAPSHOT/ru.nsu.org.main.lab4snake.backend.protocol.SocketWrap.receive(SocketWrap.java:50)
2022-12-14 23:27:03,549 [pool-5-thread-1] INFO - Send to /127.0.0.1, 58390 ACK
Caller+0	 at ru.nsu.org.main.lab4snake@1.0-SNAPSHOT/ru.nsu.org.main.lab4snake.backend.protocol.SocketWrap.send(SocketWrap.java:26)
2022-12-14 23:27:03,550 [pool-5-thread-1] INFO - Trying receive message... on port=58390, addr=/0:0:0:0:0:0:0:0
Caller+0	 at ru.nsu.org.main.lab4snake@1.0-SNAPSHOT/ru.nsu.org.main.lab4snake.backend.protocol.SocketWrap.receive(SocketWrap.java:43)
2022-12-14 23:27:03,550 [pool-5-thread-1] INFO - Receive message... on port=58390, addr=/0:0:0:0:0:0:0:0
Caller+0	 at ru.nsu.org.main.lab4snake@1.0-SNAPSHOT/ru.nsu.org.main.lab4snake.backend.protocol.SocketWrap.receive(SocketWrap.java:45)
2022-12-14 23:27:03,551 [pool-5-thread-1] INFO - Get message from /127.0.0.1 58390 ACK
Caller+0	 at ru.nsu.org.main.lab4snake@1.0-SNAPSHOT/ru.nsu.org.main.lab4snake.backend.protocol.SocketWrap.receive(SocketWrap.java:50)
2022-12-14 23:27:03,551 [pool-5-thread-1] INFO - Trying receive message... on port=58390, addr=/0:0:0:0:0:0:0:0
Caller+0	 at ru.nsu.org.main.lab4snake@1.0-SNAPSHOT/ru.nsu.org.main.lab4snake.backend.protocol.SocketWrap.receive(SocketWrap.java:43)
2022-12-14 23:27:03,772 [pool-3-thread-1] INFO - Send to /127.0.0.1, 58390 STEER
Caller+0	 at ru.nsu.org.main.lab4snake@1.0-SNAPSHOT/ru.nsu.org.main.lab4snake.backend.protocol.SocketWrap.send(SocketWrap.java:26)
2022-12-14 23:27:03,773 [pool-5-thread-1] INFO - Receive message... on port=58390, addr=/0:0:0:0:0:0:0:0
Caller+0	 at ru.nsu.org.main.lab4snake@1.0-SNAPSHOT/ru.nsu.org.main.lab4snake.backend.protocol.SocketWrap.receive(SocketWrap.java:45)
2022-12-14 23:27:03,773 [pool-5-thread-1] INFO - Get message from /127.0.0.1 58390 STEER
Caller+0	 at ru.nsu.org.main.lab4snake@1.0-SNAPSHOT/ru.nsu.org.main.lab4snake.backend.protocol.SocketWrap.receive(SocketWrap.java:50)
2022-12-14 23:27:03,774 [pool-5-thread-1] INFO - Send to /127.0.0.1, 58390 ACK
Caller+0	 at ru.nsu.org.main.lab4snake@1.0-SNAPSHOT/ru.nsu.org.main.lab4snake.backend.protocol.SocketWrap.send(SocketWrap.java:26)
2022-12-14 23:27:03,775 [pool-5-thread-1] INFO - Trying receive message... on port=58390, addr=/0:0:0:0:0:0:0:0
Caller+0	 at ru.nsu.org.main.lab4snake@1.0-SNAPSHOT/ru.nsu.org.main.lab4snake.backend.protocol.SocketWrap.receive(SocketWrap.java:43)
2022-12-14 23:27:03,775 [pool-5-thread-1] INFO - Receive message... on port=58390, addr=/0:0:0:0:0:0:0:0
Caller+0	 at ru.nsu.org.main.lab4snake@1.0-SNAPSHOT/ru.nsu.org.main.lab4snake.backend.protocol.SocketWrap.receive(SocketWrap.java:45)
2022-12-14 23:27:03,776 [pool-5-thread-1] INFO - Get message from /127.0.0.1 58390 ACK
Caller+0	 at ru.nsu.org.main.lab4snake@1.0-SNAPSHOT/ru.nsu.org.main.lab4snake.backend.protocol.SocketWrap.receive(SocketWrap.java:50)
2022-12-14 23:27:03,776 [pool-5-thread-1] INFO - Trying receive message... on port=58390, addr=/0:0:0:0:0:0:0:0
Caller+0	 at ru.nsu.org.main.lab4snake@1.0-SNAPSHOT/ru.nsu.org.main.lab4snake.backend.protocol.SocketWrap.receive(SocketWrap.java:43)
2022-12-14 23:27:04,065 [pool-3-thread-1] INFO - Send to /127.0.0.1, 58390 STEER
Caller+0	 at ru.nsu.org.main.lab4snake@1.0-SNAPSHOT/ru.nsu.org.main.lab4snake.backend.protocol.SocketWrap.send(SocketWrap.java:26)
2022-12-14 23:27:04,066 [pool-5-thread-1] INFO - Receive message... on port=58390, addr=/0:0:0:0:0:0:0:0
Caller+0	 at ru.nsu.org.main.lab4snake@1.0-SNAPSHOT/ru.nsu.org.main.lab4snake.backend.protocol.SocketWrap.receive(SocketWrap.java:45)
2022-12-14 23:27:04,067 [pool-5-thread-1] INFO - Get message from /127.0.0.1 58390 STEER
Caller+0	 at ru.nsu.org.main.lab4snake@1.0-SNAPSHOT/ru.nsu.org.main.lab4snake.backend.protocol.SocketWrap.receive(SocketWrap.java:50)
2022-12-14 23:27:04,068 [pool-5-thread-1] INFO - Send to /127.0.0.1, 58390 ACK
Caller+0	 at ru.nsu.org.main.lab4snake@1.0-SNAPSHOT/ru.nsu.org.main.lab4snake.backend.protocol.SocketWrap.send(SocketWrap.java:26)
2022-12-14 23:27:04,068 [pool-5-thread-1] INFO - Trying receive message... on port=58390, addr=/0:0:0:0:0:0:0:0
Caller+0	 at ru.nsu.org.main.lab4snake@1.0-SNAPSHOT/ru.nsu.org.main.lab4snake.backend.protocol.SocketWrap.receive(SocketWrap.java:43)
2022-12-14 23:27:04,069 [pool-5-thread-1] INFO - Receive message... on port=58390, addr=/0:0:0:0:0:0:0:0
Caller+0	 at ru.nsu.org.main.lab4snake@1.0-SNAPSHOT/ru.nsu.org.main.lab4snake.backend.protocol.SocketWrap.receive(SocketWrap.java:45)
2022-12-14 23:27:04,069 [pool-5-thread-1] INFO - Get message from /127.0.0.1 58390 ACK
Caller+0	 at ru.nsu.org.main.lab4snake@1.0-SNAPSHOT/ru.nsu.org.main.lab4snake.backend.protocol.SocketWrap.receive(SocketWrap.java:50)
2022-12-14 23:27:04,070 [pool-5-thread-1] INFO - Trying receive message... on port=58390, addr=/0:0:0:0:0:0:0:0
Caller+0	 at ru.nsu.org.main.lab4snake@1.0-SNAPSHOT/ru.nsu.org.main.lab4snake.backend.protocol.SocketWrap.receive(SocketWrap.java:43)
2022-12-14 23:27:04,570 [pool-5-thread-1] INFO - Socket timeout
Caller+0	 at ru.nsu.org.main.lab4snake@1.0-SNAPSHOT/ru.nsu.org.main.lab4snake.backend.protocol.SocketWrap.receive(SocketWrap.java:53)
2022-12-14 23:27:04,571 [pool-5-thread-1] INFO - Trying receive message... on port=58390, addr=/0:0:0:0:0:0:0:0
Caller+0	 at ru.nsu.org.main.lab4snake@1.0-SNAPSHOT/ru.nsu.org.main.lab4snake.backend.protocol.SocketWrap.receive(SocketWrap.java:43)
2022-12-14 23:27:04,977 [pool-3-thread-1] INFO - Send to /127.0.0.1, 58390 STEER
Caller+0	 at ru.nsu.org.main.lab4snake@1.0-SNAPSHOT/ru.nsu.org.main.lab4snake.backend.protocol.SocketWrap.send(SocketWrap.java:26)
2022-12-14 23:27:04,978 [pool-5-thread-1] INFO - Receive message... on port=58390, addr=/0:0:0:0:0:0:0:0
Caller+0	 at ru.nsu.org.main.lab4snake@1.0-SNAPSHOT/ru.nsu.org.main.lab4snake.backend.protocol.SocketWrap.receive(SocketWrap.java:45)
2022-12-14 23:27:04,979 [pool-5-thread-1] INFO - Get message from /127.0.0.1 58390 STEER
Caller+0	 at ru.nsu.org.main.lab4snake@1.0-SNAPSHOT/ru.nsu.org.main.lab4snake.backend.protocol.SocketWrap.receive(SocketWrap.java:50)
2022-12-14 23:27:04,979 [pool-5-thread-1] INFO - Send to /127.0.0.1, 58390 ACK
Caller+0	 at ru.nsu.org.main.lab4snake@1.0-SNAPSHOT/ru.nsu.org.main.lab4snake.backend.protocol.SocketWrap.send(SocketWrap.java:26)
2022-12-14 23:27:04,980 [pool-5-thread-1] INFO - Trying receive message... on port=58390, addr=/0:0:0:0:0:0:0:0
Caller+0	 at ru.nsu.org.main.lab4snake@1.0-SNAPSHOT/ru.nsu.org.main.lab4snake.backend.protocol.SocketWrap.receive(SocketWrap.java:43)
2022-12-14 23:27:04,980 [pool-5-thread-1] INFO - Receive message... on port=58390, addr=/0:0:0:0:0:0:0:0
Caller+0	 at ru.nsu.org.main.lab4snake@1.0-SNAPSHOT/ru.nsu.org.main.lab4snake.backend.protocol.SocketWrap.receive(SocketWrap.java:45)
2022-12-14 23:27:04,981 [pool-5-thread-1] INFO - Get message from /127.0.0.1 58390 ACK
Caller+0	 at ru.nsu.org.main.lab4snake@1.0-SNAPSHOT/ru.nsu.org.main.lab4snake.backend.protocol.SocketWrap.receive(SocketWrap.java:50)
2022-12-14 23:27:04,981 [pool-5-thread-1] INFO - Trying receive message... on port=58390, addr=/0:0:0:0:0:0:0:0
Caller+0	 at ru.nsu.org.main.lab4snake@1.0-SNAPSHOT/ru.nsu.org.main.lab4snake.backend.protocol.SocketWrap.receive(SocketWrap.java:43)
2022-12-14 23:27:05,482 [pool-5-thread-1] INFO - Socket timeout
Caller+0	 at ru.nsu.org.main.lab4snake@1.0-SNAPSHOT/ru.nsu.org.main.lab4snake.backend.protocol.SocketWrap.receive(SocketWrap.java:53)
2022-12-14 23:27:05,482 [pool-5-thread-1] INFO - Trying receive message... on port=58390, addr=/0:0:0:0:0:0:0:0
Caller+0	 at ru.nsu.org.main.lab4snake@1.0-SNAPSHOT/ru.nsu.org.main.lab4snake.backend.protocol.SocketWrap.receive(SocketWrap.java:43)
2022-12-14 23:27:05,983 [pool-5-thread-1] INFO - Socket timeout
Caller+0	 at ru.nsu.org.main.lab4snake@1.0-SNAPSHOT/ru.nsu.org.main.lab4snake.backend.protocol.SocketWrap.receive(SocketWrap.java:53)
2022-12-14 23:27:05,983 [pool-5-thread-1] INFO - Trying receive message... on port=58390, addr=/0:0:0:0:0:0:0:0
Caller+0	 at ru.nsu.org.main.lab4snake@1.0-SNAPSHOT/ru.nsu.org.main.lab4snake.backend.protocol.SocketWrap.receive(SocketWrap.java:43)
2022-12-14 23:27:06,484 [pool-5-thread-1] INFO - Socket timeout
Caller+0	 at ru.nsu.org.main.lab4snake@1.0-SNAPSHOT/ru.nsu.org.main.lab4snake.backend.protocol.SocketWrap.receive(SocketWrap.java:53)
2022-12-14 23:27:06,484 [pool-5-thread-1] INFO - Trying receive message... on port=58390, addr=/0:0:0:0:0:0:0:0
Caller+0	 at ru.nsu.org.main.lab4snake@1.0-SNAPSHOT/ru.nsu.org.main.lab4snake.backend.protocol.SocketWrap.receive(SocketWrap.java:43)
2022-12-14 23:27:06,984 [pool-5-thread-1] INFO - Socket timeout
Caller+0	 at ru.nsu.org.main.lab4snake@1.0-SNAPSHOT/ru.nsu.org.main.lab4snake.backend.protocol.SocketWrap.receive(SocketWrap.java:53)
2022-12-14 23:27:06,985 [pool-5-thread-1] INFO - Trying receive message... on port=58390, addr=/0:0:0:0:0:0:0:0
Caller+0	 at ru.nsu.org.main.lab4snake@1.0-SNAPSHOT/ru.nsu.org.main.lab4snake.backend.protocol.SocketWrap.receive(SocketWrap.java:43)
2022-12-14 23:27:07,486 [pool-5-thread-1] INFO - Socket timeout
Caller+0	 at ru.nsu.org.main.lab4snake@1.0-SNAPSHOT/ru.nsu.org.main.lab4snake.backend.protocol.SocketWrap.receive(SocketWrap.java:53)
2022-12-14 23:27:07,487 [pool-5-thread-1] INFO - Trying receive message... on port=58390, addr=/0:0:0:0:0:0:0:0
Caller+0	 at ru.nsu.org.main.lab4snake@1.0-SNAPSHOT/ru.nsu.org.main.lab4snake.backend.protocol.SocketWrap.receive(SocketWrap.java:43)
2022-12-14 23:27:07,987 [pool-5-thread-1] INFO - Socket timeout
Caller+0	 at ru.nsu.org.main.lab4snake@1.0-SNAPSHOT/ru.nsu.org.main.lab4snake.backend.protocol.SocketWrap.receive(SocketWrap.java:53)
2022-12-14 23:27:07,987 [pool-5-thread-1] INFO - Trying receive message... on port=58390, addr=/0:0:0:0:0:0:0:0
Caller+0	 at ru.nsu.org.main.lab4snake@1.0-SNAPSHOT/ru.nsu.org.main.lab4snake.backend.protocol.SocketWrap.receive(SocketWrap.java:43)
2022-12-14 23:27:08,291 [pool-3-thread-1] INFO - Send to /127.0.0.1, 58390 STEER
Caller+0	 at ru.nsu.org.main.lab4snake@1.0-SNAPSHOT/ru.nsu.org.main.lab4snake.backend.protocol.SocketWrap.send(SocketWrap.java:26)
2022-12-14 23:27:08,292 [pool-5-thread-1] INFO - Receive message... on port=58390, addr=/0:0:0:0:0:0:0:0
Caller+0	 at ru.nsu.org.main.lab4snake@1.0-SNAPSHOT/ru.nsu.org.main.lab4snake.backend.protocol.SocketWrap.receive(SocketWrap.java:45)
2022-12-14 23:27:08,292 [pool-5-thread-1] INFO - Get message from /127.0.0.1 58390 STEER
Caller+0	 at ru.nsu.org.main.lab4snake@1.0-SNAPSHOT/ru.nsu.org.main.lab4snake.backend.protocol.SocketWrap.receive(SocketWrap.java:50)
2022-12-14 23:27:08,293 [pool-5-thread-1] INFO - Send to /127.0.0.1, 58390 ACK
Caller+0	 at ru.nsu.org.main.lab4snake@1.0-SNAPSHOT/ru.nsu.org.main.lab4snake.backend.protocol.SocketWrap.send(SocketWrap.java:26)
2022-12-14 23:27:08,293 [pool-5-thread-1] INFO - Trying receive message... on port=58390, addr=/0:0:0:0:0:0:0:0
Caller+0	 at ru.nsu.org.main.lab4snake@1.0-SNAPSHOT/ru.nsu.org.main.lab4snake.backend.protocol.SocketWrap.receive(SocketWrap.java:43)
2022-12-14 23:27:08,294 [pool-5-thread-1] INFO - Receive message... on port=58390, addr=/0:0:0:0:0:0:0:0
Caller+0	 at ru.nsu.org.main.lab4snake@1.0-SNAPSHOT/ru.nsu.org.main.lab4snake.backend.protocol.SocketWrap.receive(SocketWrap.java:45)
2022-12-14 23:27:08,294 [pool-5-thread-1] INFO - Get message from /127.0.0.1 58390 ACK
Caller+0	 at ru.nsu.org.main.lab4snake@1.0-SNAPSHOT/ru.nsu.org.main.lab4snake.backend.protocol.SocketWrap.receive(SocketWrap.java:50)
2022-12-14 23:27:08,295 [pool-5-thread-1] INFO - Trying receive message... on port=58390, addr=/0:0:0:0:0:0:0:0
Caller+0	 at ru.nsu.org.main.lab4snake@1.0-SNAPSHOT/ru.nsu.org.main.lab4snake.backend.protocol.SocketWrap.receive(SocketWrap.java:43)
2022-12-14 23:27:08,795 [pool-5-thread-1] INFO - Socket timeout
Caller+0	 at ru.nsu.org.main.lab4snake@1.0-SNAPSHOT/ru.nsu.org.main.lab4snake.backend.protocol.SocketWrap.receive(SocketWrap.java:53)
2022-12-14 23:27:08,796 [pool-5-thread-1] INFO - Trying receive message... on port=58390, addr=/0:0:0:0:0:0:0:0
Caller+0	 at ru.nsu.org.main.lab4snake@1.0-SNAPSHOT/ru.nsu.org.main.lab4snake.backend.protocol.SocketWrap.receive(SocketWrap.java:43)
2022-12-14 23:27:09,296 [pool-5-thread-1] INFO - Socket timeout
Caller+0	 at ru.nsu.org.main.lab4snake@1.0-SNAPSHOT/ru.nsu.org.main.lab4snake.backend.protocol.SocketWrap.receive(SocketWrap.java:53)
2022-12-14 23:27:09,297 [pool-5-thread-1] INFO - Trying receive message... on port=58390, addr=/0:0:0:0:0:0:0:0
Caller+0	 at ru.nsu.org.main.lab4snake@1.0-SNAPSHOT/ru.nsu.org.main.lab4snake.backend.protocol.SocketWrap.receive(SocketWrap.java:43)
2022-12-14 23:27:09,800 [pool-5-thread-1] INFO - Socket timeout
Caller+0	 at ru.nsu.org.main.lab4snake@1.0-SNAPSHOT/ru.nsu.org.main.lab4snake.backend.protocol.SocketWrap.receive(SocketWrap.java:53)
2022-12-14 23:27:09,801 [pool-5-thread-1] INFO - Trying receive message... on port=58390, addr=/0:0:0:0:0:0:0:0
Caller+0	 at ru.nsu.org.main.lab4snake@1.0-SNAPSHOT/ru.nsu.org.main.lab4snake.backend.protocol.SocketWrap.receive(SocketWrap.java:43)
2022-12-14 23:27:10,301 [pool-5-thread-1] INFO - Socket timeout
Caller+0	 at ru.nsu.org.main.lab4snake@1.0-SNAPSHOT/ru.nsu.org.main.lab4snake.backend.protocol.SocketWrap.receive(SocketWrap.java:53)
2022-12-14 23:27:10,302 [pool-5-thread-1] INFO - Trying receive message... on port=58390, addr=/0:0:0:0:0:0:0:0
Caller+0	 at ru.nsu.org.main.lab4snake@1.0-SNAPSHOT/ru.nsu.org.main.lab4snake.backend.protocol.SocketWrap.receive(SocketWrap.java:43)
2022-12-14 23:27:10,802 [pool-5-thread-1] INFO - Socket timeout
Caller+0	 at ru.nsu.org.main.lab4snake@1.0-SNAPSHOT/ru.nsu.org.main.lab4snake.backend.protocol.SocketWrap.receive(SocketWrap.java:53)
2022-12-14 23:27:10,803 [pool-5-thread-1] INFO - Trying receive message... on port=58390, addr=/0:0:0:0:0:0:0:0
Caller+0	 at ru.nsu.org.main.lab4snake@1.0-SNAPSHOT/ru.nsu.org.main.lab4snake.backend.protocol.SocketWrap.receive(SocketWrap.java:43)
2022-12-14 23:27:11,304 [pool-5-thread-1] INFO - Socket timeout
Caller+0	 at ru.nsu.org.main.lab4snake@1.0-SNAPSHOT/ru.nsu.org.main.lab4snake.backend.protocol.SocketWrap.receive(SocketWrap.java:53)
2022-12-14 23:27:11,304 [pool-5-thread-1] INFO - Trying receive message... on port=58390, addr=/0:0:0:0:0:0:0:0
Caller+0	 at ru.nsu.org.main.lab4snake@1.0-SNAPSHOT/ru.nsu.org.main.lab4snake.backend.protocol.SocketWrap.receive(SocketWrap.java:43)
2022-12-14 23:27:11,805 [pool-5-thread-1] INFO - Socket timeout
Caller+0	 at ru.nsu.org.main.lab4snake@1.0-SNAPSHOT/ru.nsu.org.main.lab4snake.backend.protocol.SocketWrap.receive(SocketWrap.java:53)
2022-12-14 23:27:11,806 [pool-5-thread-1] INFO - Trying receive message... on port=58390, addr=/0:0:0:0:0:0:0:0
Caller+0	 at ru.nsu.org.main.lab4snake@1.0-SNAPSHOT/ru.nsu.org.main.lab4snake.backend.protocol.SocketWrap.receive(SocketWrap.java:43)
2022-12-14 23:27:12,306 [pool-5-thread-1] INFO - Socket timeout
Caller+0	 at ru.nsu.org.main.lab4snake@1.0-SNAPSHOT/ru.nsu.org.main.lab4snake.backend.protocol.SocketWrap.receive(SocketWrap.java:53)
2022-12-14 23:27:12,307 [pool-5-thread-1] INFO - Trying receive message... on port=58390, addr=/0:0:0:0:0:0:0:0
Caller+0	 at ru.nsu.org.main.lab4snake@1.0-SNAPSHOT/ru.nsu.org.main.lab4snake.backend.protocol.SocketWrap.receive(SocketWrap.java:43)
2022-12-14 23:27:12,808 [pool-5-thread-1] INFO - Socket timeout
Caller+0	 at ru.nsu.org.main.lab4snake@1.0-SNAPSHOT/ru.nsu.org.main.lab4snake.backend.protocol.SocketWrap.receive(SocketWrap.java:53)
2022-12-14 23:27:12,809 [pool-5-thread-1] INFO - Trying receive message... on port=58390, addr=/0:0:0:0:0:0:0:0
Caller+0	 at ru.nsu.org.main.lab4snake@1.0-SNAPSHOT/ru.nsu.org.main.lab4snake.backend.protocol.SocketWrap.receive(SocketWrap.java:43)
2022-12-14 23:27:13,309 [pool-5-thread-1] INFO - Socket timeout
Caller+0	 at ru.nsu.org.main.lab4snake@1.0-SNAPSHOT/ru.nsu.org.main.lab4snake.backend.protocol.SocketWrap.receive(SocketWrap.java:53)
2022-12-14 23:27:13,310 [pool-5-thread-1] INFO - Trying receive message... on port=58390, addr=/0:0:0:0:0:0:0:0
Caller+0	 at ru.nsu.org.main.lab4snake@1.0-SNAPSHOT/ru.nsu.org.main.lab4snake.backend.protocol.SocketWrap.receive(SocketWrap.java:43)
2022-12-14 23:27:13,810 [pool-5-thread-1] INFO - Socket timeout
Caller+0	 at ru.nsu.org.main.lab4snake@1.0-SNAPSHOT/ru.nsu.org.main.lab4snake.backend.protocol.SocketWrap.receive(SocketWrap.java:53)
2022-12-14 23:27:13,811 [pool-5-thread-1] INFO - Trying receive message... on port=58390, addr=/0:0:0:0:0:0:0:0
Caller+0	 at ru.nsu.org.main.lab4snake@1.0-SNAPSHOT/ru.nsu.org.main.lab4snake.backend.protocol.SocketWrap.receive(SocketWrap.java:43)
2022-12-14 23:27:14,311 [pool-5-thread-1] INFO - Socket timeout
Caller+0	 at ru.nsu.org.main.lab4snake@1.0-SNAPSHOT/ru.nsu.org.main.lab4snake.backend.protocol.SocketWrap.receive(SocketWrap.java:53)
2022-12-14 23:27:14,311 [pool-5-thread-1] INFO - Trying receive message... on port=58390, addr=/0:0:0:0:0:0:0:0
Caller+0	 at ru.nsu.org.main.lab4snake@1.0-SNAPSHOT/ru.nsu.org.main.lab4snake.backend.protocol.SocketWrap.receive(SocketWrap.java:43)
2022-12-14 23:27:14,812 [pool-5-thread-1] INFO - Socket timeout
Caller+0	 at ru.nsu.org.main.lab4snake@1.0-SNAPSHOT/ru.nsu.org.main.lab4snake.backend.protocol.SocketWrap.receive(SocketWrap.java:53)
2022-12-14 23:27:14,813 [pool-5-thread-1] INFO - Trying receive message... on port=58390, addr=/0:0:0:0:0:0:0:0
Caller+0	 at ru.nsu.org.main.lab4snake@1.0-SNAPSHOT/ru.nsu.org.main.lab4snake.backend.protocol.SocketWrap.receive(SocketWrap.java:43)
2022-12-14 23:27:15,314 [pool-5-thread-1] INFO - Socket timeout
Caller+0	 at ru.nsu.org.main.lab4snake@1.0-SNAPSHOT/ru.nsu.org.main.lab4snake.backend.protocol.SocketWrap.receive(SocketWrap.java:53)
2022-12-14 23:27:15,314 [pool-5-thread-1] INFO - Trying receive message... on port=58390, addr=/0:0:0:0:0:0:0:0
Caller+0	 at ru.nsu.org.main.lab4snake@1.0-SNAPSHOT/ru.nsu.org.main.lab4snake.backend.protocol.SocketWrap.receive(SocketWrap.java:43)
2022-12-14 23:27:15,815 [pool-5-thread-1] INFO - Socket timeout
Caller+0	 at ru.nsu.org.main.lab4snake@1.0-SNAPSHOT/ru.nsu.org.main.lab4snake.backend.protocol.SocketWrap.receive(SocketWrap.java:53)
2022-12-14 23:27:15,815 [pool-5-thread-1] INFO - Trying receive message... on port=58390, addr=/0:0:0:0:0:0:0:0
Caller+0	 at ru.nsu.org.main.lab4snake@1.0-SNAPSHOT/ru.nsu.org.main.lab4snake.backend.protocol.SocketWrap.receive(SocketWrap.java:43)
2022-12-14 23:27:16,315 [pool-5-thread-1] INFO - Socket timeout
Caller+0	 at ru.nsu.org.main.lab4snake@1.0-SNAPSHOT/ru.nsu.org.main.lab4snake.backend.protocol.SocketWrap.receive(SocketWrap.java:53)
2022-12-14 23:27:16,316 [pool-5-thread-1] INFO - Trying receive message... on port=58390, addr=/0:0:0:0:0:0:0:0
Caller+0	 at ru.nsu.org.main.lab4snake@1.0-SNAPSHOT/ru.nsu.org.main.lab4snake.backend.protocol.SocketWrap.receive(SocketWrap.java:43)
2022-12-14 23:27:16,816 [pool-5-thread-1] INFO - Socket timeout
Caller+0	 at ru.nsu.org.main.lab4snake@1.0-SNAPSHOT/ru.nsu.org.main.lab4snake.backend.protocol.SocketWrap.receive(SocketWrap.java:53)
2022-12-14 23:27:16,817 [pool-5-thread-1] INFO - Trying receive message... on port=58390, addr=/0:0:0:0:0:0:0:0
Caller+0	 at ru.nsu.org.main.lab4snake@1.0-SNAPSHOT/ru.nsu.org.main.lab4snake.backend.protocol.SocketWrap.receive(SocketWrap.java:43)
2022-12-14 23:27:17,317 [pool-5-thread-1] INFO - Socket timeout
Caller+0	 at ru.nsu.org.main.lab4snake@1.0-SNAPSHOT/ru.nsu.org.main.lab4snake.backend.protocol.SocketWrap.receive(SocketWrap.java:53)
