2022-12-14 23:25:33,523 [JavaFX Application Thread] INFO - Start game on client!
Caller+0	 at ru.nsu.org.main.lab4snake@1.0-SNAPSHOT/ru.nsu.org.main.lab4snake.controller.GameController.start(GameController.java:110)
2022-12-14 23:25:33,578 [pool-5-thread-1] INFO - Trying receive message... on port=52690, addr=/0:0:0:0:0:0:0:0
Caller+0	 at ru.nsu.org.main.lab4snake@1.0-SNAPSHOT/ru.nsu.org.main.lab4snake.backend.protocol.SocketWrap.receive(SocketWrap.java:43)
2022-12-14 23:25:34,078 [pool-5-thread-1] INFO - Socket timeout
Caller+0	 at ru.nsu.org.main.lab4snake@1.0-SNAPSHOT/ru.nsu.org.main.lab4snake.backend.protocol.SocketWrap.receive(SocketWrap.java:53)
2022-12-14 23:25:34,080 [pool-5-thread-1] INFO - Trying receive message... on port=52690, addr=/0:0:0:0:0:0:0:0
Caller+0	 at ru.nsu.org.main.lab4snake@1.0-SNAPSHOT/ru.nsu.org.main.lab4snake.backend.protocol.SocketWrap.receive(SocketWrap.java:43)
2022-12-14 23:25:34,581 [pool-5-thread-1] INFO - Socket timeout
Caller+0	 at ru.nsu.org.main.lab4snake@1.0-SNAPSHOT/ru.nsu.org.main.lab4snake.backend.protocol.SocketWrap.receive(SocketWrap.java:53)
2022-12-14 23:25:34,582 [pool-5-thread-1] INFO - Trying receive message... on port=52690, addr=/0:0:0:0:0:0:0:0
Caller+0	 at ru.nsu.org.main.lab4snake@1.0-SNAPSHOT/ru.nsu.org.main.lab4snake.backend.protocol.SocketWrap.receive(SocketWrap.java:43)
2022-12-14 23:25:35,082 [pool-5-thread-1] INFO - Socket timeout
Caller+0	 at ru.nsu.org.main.lab4snake@1.0-SNAPSHOT/ru.nsu.org.main.lab4snake.backend.protocol.SocketWrap.receive(SocketWrap.java:53)
2022-12-14 23:25:35,083 [pool-5-thread-1] INFO - Trying receive message... on port=52690, addr=/0:0:0:0:0:0:0:0
Caller+0	 at ru.nsu.org.main.lab4snake@1.0-SNAPSHOT/ru.nsu.org.main.lab4snake.backend.protocol.SocketWrap.receive(SocketWrap.java:43)
2022-12-14 23:25:35,583 [pool-5-thread-1] INFO - Socket timeout
Caller+0	 at ru.nsu.org.main.lab4snake@1.0-SNAPSHOT/ru.nsu.org.main.lab4snake.backend.protocol.SocketWrap.receive(SocketWrap.java:53)
2022-12-14 23:25:35,584 [pool-5-thread-1] INFO - Trying receive message... on port=52690, addr=/0:0:0:0:0:0:0:0
Caller+0	 at ru.nsu.org.main.lab4snake@1.0-SNAPSHOT/ru.nsu.org.main.lab4snake.backend.protocol.SocketWrap.receive(SocketWrap.java:43)
2022-12-14 23:25:36,086 [pool-5-thread-1] INFO - Socket timeout
Caller+0	 at ru.nsu.org.main.lab4snake@1.0-SNAPSHOT/ru.nsu.org.main.lab4snake.backend.protocol.SocketWrap.receive(SocketWrap.java:53)
2022-12-14 23:25:36,086 [pool-5-thread-1] INFO - Trying receive message... on port=52690, addr=/0:0:0:0:0:0:0:0
Caller+0	 at ru.nsu.org.main.lab4snake@1.0-SNAPSHOT/ru.nsu.org.main.lab4snake.backend.protocol.SocketWrap.receive(SocketWrap.java:43)
2022-12-14 23:25:36,586 [pool-5-thread-1] INFO - Socket timeout
Caller+0	 at ru.nsu.org.main.lab4snake@1.0-SNAPSHOT/ru.nsu.org.main.lab4snake.backend.protocol.SocketWrap.receive(SocketWrap.java:53)
2022-12-14 23:25:36,587 [pool-5-thread-1] INFO - Trying receive message... on port=52690, addr=/0:0:0:0:0:0:0:0
Caller+0	 at ru.nsu.org.main.lab4snake@1.0-SNAPSHOT/ru.nsu.org.main.lab4snake.backend.protocol.SocketWrap.receive(SocketWrap.java:43)
2022-12-14 23:25:37,088 [pool-5-thread-1] INFO - Socket timeout
Caller+0	 at ru.nsu.org.main.lab4snake@1.0-SNAPSHOT/ru.nsu.org.main.lab4snake.backend.protocol.SocketWrap.receive(SocketWrap.java:53)
2022-12-14 23:25:37,088 [pool-5-thread-1] INFO - Trying receive message... on port=52690, addr=/0:0:0:0:0:0:0:0
Caller+0	 at ru.nsu.org.main.lab4snake@1.0-SNAPSHOT/ru.nsu.org.main.lab4snake.backend.protocol.SocketWrap.receive(SocketWrap.java:43)
2022-12-14 23:25:37,589 [pool-5-thread-1] INFO - Socket timeout
Caller+0	 at ru.nsu.org.main.lab4snake@1.0-SNAPSHOT/ru.nsu.org.main.lab4snake.backend.protocol.SocketWrap.receive(SocketWrap.java:53)
2022-12-14 23:25:37,590 [pool-5-thread-1] INFO - Trying receive message... on port=52690, addr=/0:0:0:0:0:0:0:0
Caller+0	 at ru.nsu.org.main.lab4snake@1.0-SNAPSHOT/ru.nsu.org.main.lab4snake.backend.protocol.SocketWrap.receive(SocketWrap.java:43)
2022-12-14 23:25:38,090 [pool-5-thread-1] INFO - Socket timeout
Caller+0	 at ru.nsu.org.main.lab4snake@1.0-SNAPSHOT/ru.nsu.org.main.lab4snake.backend.protocol.SocketWrap.receive(SocketWrap.java:53)
2022-12-14 23:25:38,091 [pool-5-thread-1] INFO - Trying receive message... on port=52690, addr=/0:0:0:0:0:0:0:0
Caller+0	 at ru.nsu.org.main.lab4snake@1.0-SNAPSHOT/ru.nsu.org.main.lab4snake.backend.protocol.SocketWrap.receive(SocketWrap.java:43)
2022-12-14 23:25:38,591 [pool-5-thread-1] INFO - Socket timeout
Caller+0	 at ru.nsu.org.main.lab4snake@1.0-SNAPSHOT/ru.nsu.org.main.lab4snake.backend.protocol.SocketWrap.receive(SocketWrap.java:53)
2022-12-14 23:25:38,592 [pool-5-thread-1] INFO - Trying receive message... on port=52690, addr=/0:0:0:0:0:0:0:0
Caller+0	 at ru.nsu.org.main.lab4snake@1.0-SNAPSHOT/ru.nsu.org.main.lab4snake.backend.protocol.SocketWrap.receive(SocketWrap.java:43)
2022-12-14 23:25:38,802 [pool-3-thread-1] INFO - Send to /127.0.0.1, 52690 STEER
Caller+0	 at ru.nsu.org.main.lab4snake@1.0-SNAPSHOT/ru.nsu.org.main.lab4snake.backend.protocol.SocketWrap.send(SocketWrap.java:26)
2022-12-14 23:25:38,803 [pool-5-thread-1] INFO - Receive message... on port=52690, addr=/0:0:0:0:0:0:0:0
Caller+0	 at ru.nsu.org.main.lab4snake@1.0-SNAPSHOT/ru.nsu.org.main.lab4snake.backend.protocol.SocketWrap.receive(SocketWrap.java:45)
2022-12-14 23:25:38,806 [pool-5-thread-1] INFO - Get message from /127.0.0.1 52690 STEER
Caller+0	 at ru.nsu.org.main.lab4snake@1.0-SNAPSHOT/ru.nsu.org.main.lab4snake.backend.protocol.SocketWrap.receive(SocketWrap.java:50)
2022-12-14 23:25:38,809 [pool-5-thread-1] INFO - Send to /127.0.0.1, 52690 ACK
Caller+0	 at ru.nsu.org.main.lab4snake@1.0-SNAPSHOT/ru.nsu.org.main.lab4snake.backend.protocol.SocketWrap.send(SocketWrap.java:26)
2022-12-14 23:25:38,810 [pool-5-thread-1] INFO - Trying receive message... on port=52690, addr=/0:0:0:0:0:0:0:0
Caller+0	 at ru.nsu.org.main.lab4snake@1.0-SNAPSHOT/ru.nsu.org.main.lab4snake.backend.protocol.SocketWrap.receive(SocketWrap.java:43)
2022-12-14 23:25:38,810 [pool-5-thread-1] INFO - Receive message... on port=52690, addr=/0:0:0:0:0:0:0:0
Caller+0	 at ru.nsu.org.main.lab4snake@1.0-SNAPSHOT/ru.nsu.org.main.lab4snake.backend.protocol.SocketWrap.receive(SocketWrap.java:45)
2022-12-14 23:25:38,810 [pool-5-thread-1] INFO - Get message from /127.0.0.1 52690 ACK
Caller+0	 at ru.nsu.org.main.lab4snake@1.0-SNAPSHOT/ru.nsu.org.main.lab4snake.backend.protocol.SocketWrap.receive(SocketWrap.java:50)
2022-12-14 23:25:38,811 [pool-5-thread-1] INFO - Trying receive message... on port=52690, addr=/0:0:0:0:0:0:0:0
Caller+0	 at ru.nsu.org.main.lab4snake@1.0-SNAPSHOT/ru.nsu.org.main.lab4snake.backend.protocol.SocketWrap.receive(SocketWrap.java:43)
2022-12-14 23:25:39,311 [pool-5-thread-1] INFO - Socket timeout
Caller+0	 at ru.nsu.org.main.lab4snake@1.0-SNAPSHOT/ru.nsu.org.main.lab4snake.backend.protocol.SocketWrap.receive(SocketWrap.java:53)
2022-12-14 23:25:39,312 [pool-5-thread-1] INFO - Trying receive message... on port=52690, addr=/0:0:0:0:0:0:0:0
Caller+0	 at ru.nsu.org.main.lab4snake@1.0-SNAPSHOT/ru.nsu.org.main.lab4snake.backend.protocol.SocketWrap.receive(SocketWrap.java:43)
2022-12-14 23:25:39,813 [pool-5-thread-1] INFO - Socket timeout
Caller+0	 at ru.nsu.org.main.lab4snake@1.0-SNAPSHOT/ru.nsu.org.main.lab4snake.backend.protocol.SocketWrap.receive(SocketWrap.java:53)
2022-12-14 23:25:39,814 [pool-5-thread-1] INFO - Trying receive message... on port=52690, addr=/0:0:0:0:0:0:0:0
Caller+0	 at ru.nsu.org.main.lab4snake@1.0-SNAPSHOT/ru.nsu.org.main.lab4snake.backend.protocol.SocketWrap.receive(SocketWrap.java:43)
2022-12-14 23:25:40,314 [pool-5-thread-1] INFO - Socket timeout
Caller+0	 at ru.nsu.org.main.lab4snake@1.0-SNAPSHOT/ru.nsu.org.main.lab4snake.backend.protocol.SocketWrap.receive(SocketWrap.java:53)
2022-12-14 23:25:40,314 [pool-5-thread-1] INFO - Trying receive message... on port=52690, addr=/0:0:0:0:0:0:0:0
Caller+0	 at ru.nsu.org.main.lab4snake@1.0-SNAPSHOT/ru.nsu.org.main.lab4snake.backend.protocol.SocketWrap.receive(SocketWrap.java:43)
2022-12-14 23:25:40,815 [pool-5-thread-1] INFO - Socket timeout
Caller+0	 at ru.nsu.org.main.lab4snake@1.0-SNAPSHOT/ru.nsu.org.main.lab4snake.backend.protocol.SocketWrap.receive(SocketWrap.java:53)
2022-12-14 23:25:40,816 [pool-5-thread-1] INFO - Trying receive message... on port=52690, addr=/0:0:0:0:0:0:0:0
Caller+0	 at ru.nsu.org.main.lab4snake@1.0-SNAPSHOT/ru.nsu.org.main.lab4snake.backend.protocol.SocketWrap.receive(SocketWrap.java:43)
2022-12-14 23:25:41,316 [pool-5-thread-1] INFO - Socket timeout
Caller+0	 at ru.nsu.org.main.lab4snake@1.0-SNAPSHOT/ru.nsu.org.main.lab4snake.backend.protocol.SocketWrap.receive(SocketWrap.java:53)
2022-12-14 23:25:41,317 [pool-5-thread-1] INFO - Trying receive message... on port=52690, addr=/0:0:0:0:0:0:0:0
Caller+0	 at ru.nsu.org.main.lab4snake@1.0-SNAPSHOT/ru.nsu.org.main.lab4snake.backend.protocol.SocketWrap.receive(SocketWrap.java:43)
2022-12-14 23:25:41,817 [pool-5-thread-1] INFO - Socket timeout
Caller+0	 at ru.nsu.org.main.lab4snake@1.0-SNAPSHOT/ru.nsu.org.main.lab4snake.backend.protocol.SocketWrap.receive(SocketWrap.java:53)
2022-12-14 23:25:41,818 [pool-5-thread-1] INFO - Trying receive message... on port=52690, addr=/0:0:0:0:0:0:0:0
Caller+0	 at ru.nsu.org.main.lab4snake@1.0-SNAPSHOT/ru.nsu.org.main.lab4snake.backend.protocol.SocketWrap.receive(SocketWrap.java:43)
2022-12-14 23:25:42,320 [pool-5-thread-1] INFO - Socket timeout
Caller+0	 at ru.nsu.org.main.lab4snake@1.0-SNAPSHOT/ru.nsu.org.main.lab4snake.backend.protocol.SocketWrap.receive(SocketWrap.java:53)
2022-12-14 23:25:42,321 [pool-5-thread-1] INFO - Trying receive message... on port=52690, addr=/0:0:0:0:0:0:0:0
Caller+0	 at ru.nsu.org.main.lab4snake@1.0-SNAPSHOT/ru.nsu.org.main.lab4snake.backend.protocol.SocketWrap.receive(SocketWrap.java:43)
2022-12-14 23:25:42,821 [pool-5-thread-1] INFO - Socket timeout
Caller+0	 at ru.nsu.org.main.lab4snake@1.0-SNAPSHOT/ru.nsu.org.main.lab4snake.backend.protocol.SocketWrap.receive(SocketWrap.java:53)
2022-12-14 23:25:42,822 [pool-5-thread-1] INFO - Trying receive message... on port=52690, addr=/0:0:0:0:0:0:0:0
Caller+0	 at ru.nsu.org.main.lab4snake@1.0-SNAPSHOT/ru.nsu.org.main.lab4snake.backend.protocol.SocketWrap.receive(SocketWrap.java:43)
2022-12-14 23:25:43,308 [pool-3-thread-1] INFO - Send to /127.0.0.1, 52690 STEER
Caller+0	 at ru.nsu.org.main.lab4snake@1.0-SNAPSHOT/ru.nsu.org.main.lab4snake.backend.protocol.SocketWrap.send(SocketWrap.java:26)
2022-12-14 23:25:43,309 [pool-5-thread-1] INFO - Receive message... on port=52690, addr=/0:0:0:0:0:0:0:0
Caller+0	 at ru.nsu.org.main.lab4snake@1.0-SNAPSHOT/ru.nsu.org.main.lab4snake.backend.protocol.SocketWrap.receive(SocketWrap.java:45)
2022-12-14 23:25:43,310 [pool-5-thread-1] INFO - Get message from /127.0.0.1 52690 STEER
Caller+0	 at ru.nsu.org.main.lab4snake@1.0-SNAPSHOT/ru.nsu.org.main.lab4snake.backend.protocol.SocketWrap.receive(SocketWrap.java:50)
2022-12-14 23:25:43,310 [pool-5-thread-1] INFO - Send to /127.0.0.1, 52690 ACK
Caller+0	 at ru.nsu.org.main.lab4snake@1.0-SNAPSHOT/ru.nsu.org.main.lab4snake.backend.protocol.SocketWrap.send(SocketWrap.java:26)
2022-12-14 23:25:43,310 [pool-5-thread-1] INFO - Trying receive message... on port=52690, addr=/0:0:0:0:0:0:0:0
Caller+0	 at ru.nsu.org.main.lab4snake@1.0-SNAPSHOT/ru.nsu.org.main.lab4snake.backend.protocol.SocketWrap.receive(SocketWrap.java:43)
2022-12-14 23:25:43,311 [pool-5-thread-1] INFO - Receive message... on port=52690, addr=/0:0:0:0:0:0:0:0
Caller+0	 at ru.nsu.org.main.lab4snake@1.0-SNAPSHOT/ru.nsu.org.main.lab4snake.backend.protocol.SocketWrap.receive(SocketWrap.java:45)
2022-12-14 23:25:43,311 [pool-5-thread-1] INFO - Get message from /127.0.0.1 52690 ACK
Caller+0	 at ru.nsu.org.main.lab4snake@1.0-SNAPSHOT/ru.nsu.org.main.lab4snake.backend.protocol.SocketWrap.receive(SocketWrap.java:50)
2022-12-14 23:25:43,311 [pool-5-thread-1] INFO - Trying receive message... on port=52690, addr=/0:0:0:0:0:0:0:0
Caller+0	 at ru.nsu.org.main.lab4snake@1.0-SNAPSHOT/ru.nsu.org.main.lab4snake.backend.protocol.SocketWrap.receive(SocketWrap.java:43)
2022-12-14 23:25:43,607 [pool-3-thread-1] INFO - Send to /127.0.0.1, 52690 STEER
Caller+0	 at ru.nsu.org.main.lab4snake@1.0-SNAPSHOT/ru.nsu.org.main.lab4snake.backend.protocol.SocketWrap.send(SocketWrap.java:26)
2022-12-14 23:25:43,608 [pool-5-thread-1] INFO - Receive message... on port=52690, addr=/0:0:0:0:0:0:0:0
Caller+0	 at ru.nsu.org.main.lab4snake@1.0-SNAPSHOT/ru.nsu.org.main.lab4snake.backend.protocol.SocketWrap.receive(SocketWrap.java:45)
2022-12-14 23:25:43,608 [pool-5-thread-1] INFO - Get message from /127.0.0.1 52690 STEER
Caller+0	 at ru.nsu.org.main.lab4snake@1.0-SNAPSHOT/ru.nsu.org.main.lab4snake.backend.protocol.SocketWrap.receive(SocketWrap.java:50)
2022-12-14 23:25:43,609 [pool-5-thread-1] INFO - Send to /127.0.0.1, 52690 ACK
Caller+0	 at ru.nsu.org.main.lab4snake@1.0-SNAPSHOT/ru.nsu.org.main.lab4snake.backend.protocol.SocketWrap.send(SocketWrap.java:26)
2022-12-14 23:25:43,610 [pool-5-thread-1] INFO - Trying receive message... on port=52690, addr=/0:0:0:0:0:0:0:0
Caller+0	 at ru.nsu.org.main.lab4snake@1.0-SNAPSHOT/ru.nsu.org.main.lab4snake.backend.protocol.SocketWrap.receive(SocketWrap.java:43)
2022-12-14 23:25:43,610 [pool-5-thread-1] INFO - Receive message... on port=52690, addr=/0:0:0:0:0:0:0:0
Caller+0	 at ru.nsu.org.main.lab4snake@1.0-SNAPSHOT/ru.nsu.org.main.lab4snake.backend.protocol.SocketWrap.receive(SocketWrap.java:45)
2022-12-14 23:25:43,611 [pool-5-thread-1] INFO - Get message from /127.0.0.1 52690 ACK
Caller+0	 at ru.nsu.org.main.lab4snake@1.0-SNAPSHOT/ru.nsu.org.main.lab4snake.backend.protocol.SocketWrap.receive(SocketWrap.java:50)
2022-12-14 23:25:43,611 [pool-5-thread-1] INFO - Trying receive message... on port=52690, addr=/0:0:0:0:0:0:0:0
Caller+0	 at ru.nsu.org.main.lab4snake@1.0-SNAPSHOT/ru.nsu.org.main.lab4snake.backend.protocol.SocketWrap.receive(SocketWrap.java:43)
2022-12-14 23:25:44,113 [pool-5-thread-1] INFO - Socket timeout
Caller+0	 at ru.nsu.org.main.lab4snake@1.0-SNAPSHOT/ru.nsu.org.main.lab4snake.backend.protocol.SocketWrap.receive(SocketWrap.java:53)
2022-12-14 23:25:44,113 [pool-5-thread-1] INFO - Trying receive message... on port=52690, addr=/0:0:0:0:0:0:0:0
Caller+0	 at ru.nsu.org.main.lab4snake@1.0-SNAPSHOT/ru.nsu.org.main.lab4snake.backend.protocol.SocketWrap.receive(SocketWrap.java:43)
2022-12-14 23:25:44,613 [pool-5-thread-1] INFO - Socket timeout
Caller+0	 at ru.nsu.org.main.lab4snake@1.0-SNAPSHOT/ru.nsu.org.main.lab4snake.backend.protocol.SocketWrap.receive(SocketWrap.java:53)
2022-12-14 23:25:44,614 [pool-5-thread-1] INFO - Trying receive message... on port=52690, addr=/0:0:0:0:0:0:0:0
Caller+0	 at ru.nsu.org.main.lab4snake@1.0-SNAPSHOT/ru.nsu.org.main.lab4snake.backend.protocol.SocketWrap.receive(SocketWrap.java:43)
2022-12-14 23:25:45,114 [pool-5-thread-1] INFO - Socket timeout
Caller+0	 at ru.nsu.org.main.lab4snake@1.0-SNAPSHOT/ru.nsu.org.main.lab4snake.backend.protocol.SocketWrap.receive(SocketWrap.java:53)
2022-12-14 23:25:45,115 [pool-5-thread-1] INFO - Trying receive message... on port=52690, addr=/0:0:0:0:0:0:0:0
Caller+0	 at ru.nsu.org.main.lab4snake@1.0-SNAPSHOT/ru.nsu.org.main.lab4snake.backend.protocol.SocketWrap.receive(SocketWrap.java:43)
2022-12-14 23:25:45,615 [pool-5-thread-1] INFO - Socket timeout
Caller+0	 at ru.nsu.org.main.lab4snake@1.0-SNAPSHOT/ru.nsu.org.main.lab4snake.backend.protocol.SocketWrap.receive(SocketWrap.java:53)
2022-12-14 23:25:45,616 [pool-5-thread-1] INFO - Trying receive message... on port=52690, addr=/0:0:0:0:0:0:0:0
Caller+0	 at ru.nsu.org.main.lab4snake@1.0-SNAPSHOT/ru.nsu.org.main.lab4snake.backend.protocol.SocketWrap.receive(SocketWrap.java:43)
2022-12-14 23:25:46,117 [pool-5-thread-1] INFO - Socket timeout
Caller+0	 at ru.nsu.org.main.lab4snake@1.0-SNAPSHOT/ru.nsu.org.main.lab4snake.backend.protocol.SocketWrap.receive(SocketWrap.java:53)
2022-12-14 23:25:46,117 [pool-5-thread-1] INFO - Trying receive message... on port=52690, addr=/0:0:0:0:0:0:0:0
Caller+0	 at ru.nsu.org.main.lab4snake@1.0-SNAPSHOT/ru.nsu.org.main.lab4snake.backend.protocol.SocketWrap.receive(SocketWrap.java:43)
2022-12-14 23:25:46,618 [pool-5-thread-1] INFO - Socket timeout
Caller+0	 at ru.nsu.org.main.lab4snake@1.0-SNAPSHOT/ru.nsu.org.main.lab4snake.backend.protocol.SocketWrap.receive(SocketWrap.java:53)
2022-12-14 23:25:46,619 [pool-5-thread-1] INFO - Trying receive message... on port=52690, addr=/0:0:0:0:0:0:0:0
Caller+0	 at ru.nsu.org.main.lab4snake@1.0-SNAPSHOT/ru.nsu.org.main.lab4snake.backend.protocol.SocketWrap.receive(SocketWrap.java:43)
2022-12-14 23:25:47,119 [pool-5-thread-1] INFO - Socket timeout
Caller+0	 at ru.nsu.org.main.lab4snake@1.0-SNAPSHOT/ru.nsu.org.main.lab4snake.backend.protocol.SocketWrap.receive(SocketWrap.java:53)
2022-12-14 23:25:47,120 [pool-5-thread-1] INFO - Trying receive message... on port=52690, addr=/0:0:0:0:0:0:0:0
Caller+0	 at ru.nsu.org.main.lab4snake@1.0-SNAPSHOT/ru.nsu.org.main.lab4snake.backend.protocol.SocketWrap.receive(SocketWrap.java:43)
2022-12-14 23:25:47,620 [pool-5-thread-1] INFO - Socket timeout
Caller+0	 at ru.nsu.org.main.lab4snake@1.0-SNAPSHOT/ru.nsu.org.main.lab4snake.backend.protocol.SocketWrap.receive(SocketWrap.java:53)
2022-12-14 23:25:47,621 [pool-5-thread-1] INFO - Trying receive message... on port=52690, addr=/0:0:0:0:0:0:0:0
Caller+0	 at ru.nsu.org.main.lab4snake@1.0-SNAPSHOT/ru.nsu.org.main.lab4snake.backend.protocol.SocketWrap.receive(SocketWrap.java:43)
2022-12-14 23:25:48,122 [pool-5-thread-1] INFO - Socket timeout
Caller+0	 at ru.nsu.org.main.lab4snake@1.0-SNAPSHOT/ru.nsu.org.main.lab4snake.backend.protocol.SocketWrap.receive(SocketWrap.java:53)
2022-12-14 23:25:48,122 [pool-5-thread-1] INFO - Trying receive message... on port=52690, addr=/0:0:0:0:0:0:0:0
Caller+0	 at ru.nsu.org.main.lab4snake@1.0-SNAPSHOT/ru.nsu.org.main.lab4snake.backend.protocol.SocketWrap.receive(SocketWrap.java:43)
2022-12-14 23:25:48,622 [pool-5-thread-1] INFO - Socket timeout
Caller+0	 at ru.nsu.org.main.lab4snake@1.0-SNAPSHOT/ru.nsu.org.main.lab4snake.backend.protocol.SocketWrap.receive(SocketWrap.java:53)
2022-12-14 23:25:48,623 [pool-5-thread-1] INFO - Trying receive message... on port=52690, addr=/0:0:0:0:0:0:0:0
Caller+0	 at ru.nsu.org.main.lab4snake@1.0-SNAPSHOT/ru.nsu.org.main.lab4snake.backend.protocol.SocketWrap.receive(SocketWrap.java:43)
2022-12-14 23:25:49,124 [pool-5-thread-1] INFO - Socket timeout
Caller+0	 at ru.nsu.org.main.lab4snake@1.0-SNAPSHOT/ru.nsu.org.main.lab4snake.backend.protocol.SocketWrap.receive(SocketWrap.java:53)
2022-12-14 23:25:49,124 [pool-5-thread-1] INFO - Trying receive message... on port=52690, addr=/0:0:0:0:0:0:0:0
Caller+0	 at ru.nsu.org.main.lab4snake@1.0-SNAPSHOT/ru.nsu.org.main.lab4snake.backend.protocol.SocketWrap.receive(SocketWrap.java:43)
2022-12-14 23:25:49,625 [pool-5-thread-1] INFO - Socket timeout
Caller+0	 at ru.nsu.org.main.lab4snake@1.0-SNAPSHOT/ru.nsu.org.main.lab4snake.backend.protocol.SocketWrap.receive(SocketWrap.java:53)
2022-12-14 23:25:49,625 [pool-5-thread-1] INFO - Trying receive message... on port=52690, addr=/0:0:0:0:0:0:0:0
Caller+0	 at ru.nsu.org.main.lab4snake@1.0-SNAPSHOT/ru.nsu.org.main.lab4snake.backend.protocol.SocketWrap.receive(SocketWrap.java:43)
2022-12-14 23:25:50,127 [pool-5-thread-1] INFO - Socket timeout
Caller+0	 at ru.nsu.org.main.lab4snake@1.0-SNAPSHOT/ru.nsu.org.main.lab4snake.backend.protocol.SocketWrap.receive(SocketWrap.java:53)
2022-12-14 23:25:50,128 [pool-5-thread-1] INFO - Trying receive message... on port=52690, addr=/0:0:0:0:0:0:0:0
Caller+0	 at ru.nsu.org.main.lab4snake@1.0-SNAPSHOT/ru.nsu.org.main.lab4snake.backend.protocol.SocketWrap.receive(SocketWrap.java:43)
2022-12-14 23:25:50,628 [pool-5-thread-1] INFO - Socket timeout
Caller+0	 at ru.nsu.org.main.lab4snake@1.0-SNAPSHOT/ru.nsu.org.main.lab4snake.backend.protocol.SocketWrap.receive(SocketWrap.java:53)
2022-12-14 23:25:50,628 [pool-5-thread-1] INFO - Trying receive message... on port=52690, addr=/0:0:0:0:0:0:0:0
Caller+0	 at ru.nsu.org.main.lab4snake@1.0-SNAPSHOT/ru.nsu.org.main.lab4snake.backend.protocol.SocketWrap.receive(SocketWrap.java:43)
2022-12-14 23:25:51,129 [pool-5-thread-1] INFO - Socket timeout
Caller+0	 at ru.nsu.org.main.lab4snake@1.0-SNAPSHOT/ru.nsu.org.main.lab4snake.backend.protocol.SocketWrap.receive(SocketWrap.java:53)
2022-12-14 23:25:51,129 [pool-5-thread-1] INFO - Trying receive message... on port=52690, addr=/0:0:0:0:0:0:0:0
Caller+0	 at ru.nsu.org.main.lab4snake@1.0-SNAPSHOT/ru.nsu.org.main.lab4snake.backend.protocol.SocketWrap.receive(SocketWrap.java:43)
2022-12-14 23:25:51,629 [pool-5-thread-1] INFO - Socket timeout
Caller+0	 at ru.nsu.org.main.lab4snake@1.0-SNAPSHOT/ru.nsu.org.main.lab4snake.backend.protocol.SocketWrap.receive(SocketWrap.java:53)
2022-12-14 23:25:51,630 [pool-5-thread-1] INFO - Trying receive message... on port=52690, addr=/0:0:0:0:0:0:0:0
Caller+0	 at ru.nsu.org.main.lab4snake@1.0-SNAPSHOT/ru.nsu.org.main.lab4snake.backend.protocol.SocketWrap.receive(SocketWrap.java:43)
2022-12-14 23:25:52,131 [pool-5-thread-1] INFO - Socket timeout
Caller+0	 at ru.nsu.org.main.lab4snake@1.0-SNAPSHOT/ru.nsu.org.main.lab4snake.backend.protocol.SocketWrap.receive(SocketWrap.java:53)
2022-12-14 23:25:52,132 [pool-5-thread-1] INFO - Trying receive message... on port=52690, addr=/0:0:0:0:0:0:0:0
Caller+0	 at ru.nsu.org.main.lab4snake@1.0-SNAPSHOT/ru.nsu.org.main.lab4snake.backend.protocol.SocketWrap.receive(SocketWrap.java:43)
2022-12-14 23:25:52,189 [pool-3-thread-1] INFO - Send to /127.0.0.1, 52690 STEER
Caller+0	 at ru.nsu.org.main.lab4snake@1.0-SNAPSHOT/ru.nsu.org.main.lab4snake.backend.protocol.SocketWrap.send(SocketWrap.java:26)
2022-12-14 23:25:52,189 [pool-5-thread-1] INFO - Receive message... on port=52690, addr=/0:0:0:0:0:0:0:0
Caller+0	 at ru.nsu.org.main.lab4snake@1.0-SNAPSHOT/ru.nsu.org.main.lab4snake.backend.protocol.SocketWrap.receive(SocketWrap.java:45)
2022-12-14 23:25:52,190 [pool-5-thread-1] INFO - Get message from /127.0.0.1 52690 STEER
Caller+0	 at ru.nsu.org.main.lab4snake@1.0-SNAPSHOT/ru.nsu.org.main.lab4snake.backend.protocol.SocketWrap.receive(SocketWrap.java:50)
2022-12-14 23:25:52,190 [pool-5-thread-1] INFO - Send to /127.0.0.1, 52690 ACK
Caller+0	 at ru.nsu.org.main.lab4snake@1.0-SNAPSHOT/ru.nsu.org.main.lab4snake.backend.protocol.SocketWrap.send(SocketWrap.java:26)
2022-12-14 23:25:52,190 [pool-5-thread-1] INFO - Trying receive message... on port=52690, addr=/0:0:0:0:0:0:0:0
Caller+0	 at ru.nsu.org.main.lab4snake@1.0-SNAPSHOT/ru.nsu.org.main.lab4snake.backend.protocol.SocketWrap.receive(SocketWrap.java:43)
2022-12-14 23:25:52,190 [pool-5-thread-1] INFO - Receive message... on port=52690, addr=/0:0:0:0:0:0:0:0
Caller+0	 at ru.nsu.org.main.lab4snake@1.0-SNAPSHOT/ru.nsu.org.main.lab4snake.backend.protocol.SocketWrap.receive(SocketWrap.java:45)
2022-12-14 23:25:52,191 [pool-5-thread-1] INFO - Get message from /127.0.0.1 52690 ACK
Caller+0	 at ru.nsu.org.main.lab4snake@1.0-SNAPSHOT/ru.nsu.org.main.lab4snake.backend.protocol.SocketWrap.receive(SocketWrap.java:50)
2022-12-14 23:25:52,191 [pool-5-thread-1] INFO - Trying receive message... on port=52690, addr=/0:0:0:0:0:0:0:0
Caller+0	 at ru.nsu.org.main.lab4snake@1.0-SNAPSHOT/ru.nsu.org.main.lab4snake.backend.protocol.SocketWrap.receive(SocketWrap.java:43)
2022-12-14 23:25:52,691 [pool-5-thread-1] INFO - Socket timeout
Caller+0	 at ru.nsu.org.main.lab4snake@1.0-SNAPSHOT/ru.nsu.org.main.lab4snake.backend.protocol.SocketWrap.receive(SocketWrap.java:53)
2022-12-14 23:25:52,692 [pool-5-thread-1] INFO - Trying receive message... on port=52690, addr=/0:0:0:0:0:0:0:0
Caller+0	 at ru.nsu.org.main.lab4snake@1.0-SNAPSHOT/ru.nsu.org.main.lab4snake.backend.protocol.SocketWrap.receive(SocketWrap.java:43)
2022-12-14 23:25:53,194 [pool-5-thread-1] INFO - Socket timeout
Caller+0	 at ru.nsu.org.main.lab4snake@1.0-SNAPSHOT/ru.nsu.org.main.lab4snake.backend.protocol.SocketWrap.receive(SocketWrap.java:53)
2022-12-14 23:25:53,194 [pool-5-thread-1] INFO - Trying receive message... on port=52690, addr=/0:0:0:0:0:0:0:0
Caller+0	 at ru.nsu.org.main.lab4snake@1.0-SNAPSHOT/ru.nsu.org.main.lab4snake.backend.protocol.SocketWrap.receive(SocketWrap.java:43)
2022-12-14 23:25:53,695 [pool-5-thread-1] INFO - Socket timeout
Caller+0	 at ru.nsu.org.main.lab4snake@1.0-SNAPSHOT/ru.nsu.org.main.lab4snake.backend.protocol.SocketWrap.receive(SocketWrap.java:53)
2022-12-14 23:25:53,695 [pool-5-thread-1] INFO - Trying receive message... on port=52690, addr=/0:0:0:0:0:0:0:0
Caller+0	 at ru.nsu.org.main.lab4snake@1.0-SNAPSHOT/ru.nsu.org.main.lab4snake.backend.protocol.SocketWrap.receive(SocketWrap.java:43)
2022-12-14 23:25:54,195 [pool-5-thread-1] INFO - Socket timeout
Caller+0	 at ru.nsu.org.main.lab4snake@1.0-SNAPSHOT/ru.nsu.org.main.lab4snake.backend.protocol.SocketWrap.receive(SocketWrap.java:53)
2022-12-14 23:25:54,196 [pool-5-thread-1] INFO - Trying receive message... on port=52690, addr=/0:0:0:0:0:0:0:0
Caller+0	 at ru.nsu.org.main.lab4snake@1.0-SNAPSHOT/ru.nsu.org.main.lab4snake.backend.protocol.SocketWrap.receive(SocketWrap.java:43)
2022-12-14 23:25:54,697 [pool-5-thread-1] INFO - Socket timeout
Caller+0	 at ru.nsu.org.main.lab4snake@1.0-SNAPSHOT/ru.nsu.org.main.lab4snake.backend.protocol.SocketWrap.receive(SocketWrap.java:53)
2022-12-14 23:25:54,697 [pool-5-thread-1] INFO - Trying receive message... on port=52690, addr=/0:0:0:0:0:0:0:0
Caller+0	 at ru.nsu.org.main.lab4snake@1.0-SNAPSHOT/ru.nsu.org.main.lab4snake.backend.protocol.SocketWrap.receive(SocketWrap.java:43)
2022-12-14 23:25:55,198 [pool-5-thread-1] INFO - Socket timeout
Caller+0	 at ru.nsu.org.main.lab4snake@1.0-SNAPSHOT/ru.nsu.org.main.lab4snake.backend.protocol.SocketWrap.receive(SocketWrap.java:53)
2022-12-14 23:25:55,199 [pool-5-thread-1] INFO - Trying receive message... on port=52690, addr=/0:0:0:0:0:0:0:0
Caller+0	 at ru.nsu.org.main.lab4snake@1.0-SNAPSHOT/ru.nsu.org.main.lab4snake.backend.protocol.SocketWrap.receive(SocketWrap.java:43)
2022-12-14 23:25:55,699 [pool-5-thread-1] INFO - Socket timeout
Caller+0	 at ru.nsu.org.main.lab4snake@1.0-SNAPSHOT/ru.nsu.org.main.lab4snake.backend.protocol.SocketWrap.receive(SocketWrap.java:53)
2022-12-14 23:25:55,700 [pool-5-thread-1] INFO - Trying receive message... on port=52690, addr=/0:0:0:0:0:0:0:0
Caller+0	 at ru.nsu.org.main.lab4snake@1.0-SNAPSHOT/ru.nsu.org.main.lab4snake.backend.protocol.SocketWrap.receive(SocketWrap.java:43)
2022-12-14 23:25:56,200 [pool-5-thread-1] INFO - Socket timeout
Caller+0	 at ru.nsu.org.main.lab4snake@1.0-SNAPSHOT/ru.nsu.org.main.lab4snake.backend.protocol.SocketWrap.receive(SocketWrap.java:53)
2022-12-14 23:25:56,201 [pool-5-thread-1] INFO - Trying receive message... on port=52690, addr=/0:0:0:0:0:0:0:0
Caller+0	 at ru.nsu.org.main.lab4snake@1.0-SNAPSHOT/ru.nsu.org.main.lab4snake.backend.protocol.SocketWrap.receive(SocketWrap.java:43)
2022-12-14 23:25:56,702 [pool-5-thread-1] INFO - Socket timeout
Caller+0	 at ru.nsu.org.main.lab4snake@1.0-SNAPSHOT/ru.nsu.org.main.lab4snake.backend.protocol.SocketWrap.receive(SocketWrap.java:53)
2022-12-14 23:25:56,702 [pool-5-thread-1] INFO - Trying receive message... on port=52690, addr=/0:0:0:0:0:0:0:0
Caller+0	 at ru.nsu.org.main.lab4snake@1.0-SNAPSHOT/ru.nsu.org.main.lab4snake.backend.protocol.SocketWrap.receive(SocketWrap.java:43)
2022-12-14 23:25:57,203 [pool-5-thread-1] INFO - Socket timeout
Caller+0	 at ru.nsu.org.main.lab4snake@1.0-SNAPSHOT/ru.nsu.org.main.lab4snake.backend.protocol.SocketWrap.receive(SocketWrap.java:53)
2022-12-14 23:25:57,203 [pool-5-thread-1] INFO - Trying receive message... on port=52690, addr=/0:0:0:0:0:0:0:0
Caller+0	 at ru.nsu.org.main.lab4snake@1.0-SNAPSHOT/ru.nsu.org.main.lab4snake.backend.protocol.SocketWrap.receive(SocketWrap.java:43)
2022-12-14 23:25:57,704 [pool-5-thread-1] INFO - Socket timeout
Caller+0	 at ru.nsu.org.main.lab4snake@1.0-SNAPSHOT/ru.nsu.org.main.lab4snake.backend.protocol.SocketWrap.receive(SocketWrap.java:53)
2022-12-14 23:25:57,705 [pool-5-thread-1] INFO - Trying receive message... on port=52690, addr=/0:0:0:0:0:0:0:0
Caller+0	 at ru.nsu.org.main.lab4snake@1.0-SNAPSHOT/ru.nsu.org.main.lab4snake.backend.protocol.SocketWrap.receive(SocketWrap.java:43)
2022-12-14 23:25:58,205 [pool-5-thread-1] INFO - Socket timeout
Caller+0	 at ru.nsu.org.main.lab4snake@1.0-SNAPSHOT/ru.nsu.org.main.lab4snake.backend.protocol.SocketWrap.receive(SocketWrap.java:53)
2022-12-14 23:25:58,206 [pool-5-thread-1] INFO - Trying receive message... on port=52690, addr=/0:0:0:0:0:0:0:0
Caller+0	 at ru.nsu.org.main.lab4snake@1.0-SNAPSHOT/ru.nsu.org.main.lab4snake.backend.protocol.SocketWrap.receive(SocketWrap.java:43)
2022-12-14 23:25:58,707 [pool-5-thread-1] INFO - Socket timeout
Caller+0	 at ru.nsu.org.main.lab4snake@1.0-SNAPSHOT/ru.nsu.org.main.lab4snake.backend.protocol.SocketWrap.receive(SocketWrap.java:53)
2022-12-14 23:25:58,708 [pool-5-thread-1] INFO - Trying receive message... on port=52690, addr=/0:0:0:0:0:0:0:0
Caller+0	 at ru.nsu.org.main.lab4snake@1.0-SNAPSHOT/ru.nsu.org.main.lab4snake.backend.protocol.SocketWrap.receive(SocketWrap.java:43)
2022-12-14 23:25:59,208 [pool-5-thread-1] INFO - Socket timeout
Caller+0	 at ru.nsu.org.main.lab4snake@1.0-SNAPSHOT/ru.nsu.org.main.lab4snake.backend.protocol.SocketWrap.receive(SocketWrap.java:53)
2022-12-14 23:25:59,208 [pool-5-thread-1] INFO - Trying receive message... on port=52690, addr=/0:0:0:0:0:0:0:0
Caller+0	 at ru.nsu.org.main.lab4snake@1.0-SNAPSHOT/ru.nsu.org.main.lab4snake.backend.protocol.SocketWrap.receive(SocketWrap.java:43)
2022-12-14 23:25:59,709 [pool-5-thread-1] INFO - Socket timeout
Caller+0	 at ru.nsu.org.main.lab4snake@1.0-SNAPSHOT/ru.nsu.org.main.lab4snake.backend.protocol.SocketWrap.receive(SocketWrap.java:53)
2022-12-14 23:25:59,709 [pool-5-thread-1] INFO - Trying receive message... on port=52690, addr=/0:0:0:0:0:0:0:0
Caller+0	 at ru.nsu.org.main.lab4snake@1.0-SNAPSHOT/ru.nsu.org.main.lab4snake.backend.protocol.SocketWrap.receive(SocketWrap.java:43)
2022-12-14 23:26:00,209 [pool-5-thread-1] INFO - Socket timeout
Caller+0	 at ru.nsu.org.main.lab4snake@1.0-SNAPSHOT/ru.nsu.org.main.lab4snake.backend.protocol.SocketWrap.receive(SocketWrap.java:53)
2022-12-14 23:26:00,210 [pool-5-thread-1] INFO - Trying receive message... on port=52690, addr=/0:0:0:0:0:0:0:0
Caller+0	 at ru.nsu.org.main.lab4snake@1.0-SNAPSHOT/ru.nsu.org.main.lab4snake.backend.protocol.SocketWrap.receive(SocketWrap.java:43)
2022-12-14 23:26:00,710 [pool-5-thread-1] INFO - Socket timeout
Caller+0	 at ru.nsu.org.main.lab4snake@1.0-SNAPSHOT/ru.nsu.org.main.lab4snake.backend.protocol.SocketWrap.receive(SocketWrap.java:53)
2022-12-14 23:26:00,711 [pool-5-thread-1] INFO - Trying receive message... on port=52690, addr=/0:0:0:0:0:0:0:0
Caller+0	 at ru.nsu.org.main.lab4snake@1.0-SNAPSHOT/ru.nsu.org.main.lab4snake.backend.protocol.SocketWrap.receive(SocketWrap.java:43)
2022-12-14 23:26:01,211 [pool-5-thread-1] INFO - Socket timeout
Caller+0	 at ru.nsu.org.main.lab4snake@1.0-SNAPSHOT/ru.nsu.org.main.lab4snake.backend.protocol.SocketWrap.receive(SocketWrap.java:53)
2022-12-14 23:26:01,212 [pool-5-thread-1] INFO - Trying receive message... on port=52690, addr=/0:0:0:0:0:0:0:0
Caller+0	 at ru.nsu.org.main.lab4snake@1.0-SNAPSHOT/ru.nsu.org.main.lab4snake.backend.protocol.SocketWrap.receive(SocketWrap.java:43)
2022-12-14 23:26:01,713 [pool-5-thread-1] INFO - Socket timeout
Caller+0	 at ru.nsu.org.main.lab4snake@1.0-SNAPSHOT/ru.nsu.org.main.lab4snake.backend.protocol.SocketWrap.receive(SocketWrap.java:53)
2022-12-14 23:26:01,714 [pool-5-thread-1] INFO - Trying receive message... on port=52690, addr=/0:0:0:0:0:0:0:0
Caller+0	 at ru.nsu.org.main.lab4snake@1.0-SNAPSHOT/ru.nsu.org.main.lab4snake.backend.protocol.SocketWrap.receive(SocketWrap.java:43)
2022-12-14 23:26:02,214 [pool-5-thread-1] INFO - Socket timeout
Caller+0	 at ru.nsu.org.main.lab4snake@1.0-SNAPSHOT/ru.nsu.org.main.lab4snake.backend.protocol.SocketWrap.receive(SocketWrap.java:53)
2022-12-14 23:26:02,215 [pool-5-thread-1] INFO - Trying receive message... on port=52690, addr=/0:0:0:0:0:0:0:0
Caller+0	 at ru.nsu.org.main.lab4snake@1.0-SNAPSHOT/ru.nsu.org.main.lab4snake.backend.protocol.SocketWrap.receive(SocketWrap.java:43)
2022-12-14 23:26:02,715 [pool-5-thread-1] INFO - Socket timeout
Caller+0	 at ru.nsu.org.main.lab4snake@1.0-SNAPSHOT/ru.nsu.org.main.lab4snake.backend.protocol.SocketWrap.receive(SocketWrap.java:53)
2022-12-14 23:26:02,715 [pool-5-thread-1] INFO - Trying receive message... on port=52690, addr=/0:0:0:0:0:0:0:0
Caller+0	 at ru.nsu.org.main.lab4snake@1.0-SNAPSHOT/ru.nsu.org.main.lab4snake.backend.protocol.SocketWrap.receive(SocketWrap.java:43)
2022-12-14 23:26:03,216 [pool-5-thread-1] INFO - Socket timeout
Caller+0	 at ru.nsu.org.main.lab4snake@1.0-SNAPSHOT/ru.nsu.org.main.lab4snake.backend.protocol.SocketWrap.receive(SocketWrap.java:53)
2022-12-14 23:26:03,217 [pool-5-thread-1] INFO - Trying receive message... on port=52690, addr=/0:0:0:0:0:0:0:0
Caller+0	 at ru.nsu.org.main.lab4snake@1.0-SNAPSHOT/ru.nsu.org.main.lab4snake.backend.protocol.SocketWrap.receive(SocketWrap.java:43)
2022-12-14 23:26:03,717 [pool-5-thread-1] INFO - Socket timeout
Caller+0	 at ru.nsu.org.main.lab4snake@1.0-SNAPSHOT/ru.nsu.org.main.lab4snake.backend.protocol.SocketWrap.receive(SocketWrap.java:53)
2022-12-14 23:26:03,718 [pool-5-thread-1] INFO - Trying receive message... on port=52690, addr=/0:0:0:0:0:0:0:0
Caller+0	 at ru.nsu.org.main.lab4snake@1.0-SNAPSHOT/ru.nsu.org.main.lab4snake.backend.protocol.SocketWrap.receive(SocketWrap.java:43)
2022-12-14 23:26:04,218 [pool-5-thread-1] INFO - Socket timeout
Caller+0	 at ru.nsu.org.main.lab4snake@1.0-SNAPSHOT/ru.nsu.org.main.lab4snake.backend.protocol.SocketWrap.receive(SocketWrap.java:53)
2022-12-14 23:26:04,219 [pool-5-thread-1] INFO - Trying receive message... on port=52690, addr=/0:0:0:0:0:0:0:0
Caller+0	 at ru.nsu.org.main.lab4snake@1.0-SNAPSHOT/ru.nsu.org.main.lab4snake.backend.protocol.SocketWrap.receive(SocketWrap.java:43)
2022-12-14 23:26:04,720 [pool-5-thread-1] INFO - Socket timeout
Caller+0	 at ru.nsu.org.main.lab4snake@1.0-SNAPSHOT/ru.nsu.org.main.lab4snake.backend.protocol.SocketWrap.receive(SocketWrap.java:53)
